# JRE version: OpenJDK Runtime Environment Temurin-21.0.9+10 (21.0.9+10) (build 21.0.9+10-LTS)
# Java VM: OpenJDK 64-Bit Server VM Temurin-21.0.9+10 (21.0.9+10-LTS, mixed mode, sharing, tiered, compressed oops, compressed class ptrs, parallel gc, windows-amd64)
GC Precious Log:
 CardTable entry size: 512
 CPUs: 12 total, 12 available
 Memory: 8059M
 Large Page Support: Disabled
 NUMA Support: Disabled
 Compressed Oops: Enabled (32-bit)
 Alignments: Space 512K, Generation 512K, Heap 2M
 Heap Min Capacity: 100M
 Heap Initial Capacity: 100M
 Heap Max Capacity: 2G
 Pre-touch: Disabled
 Parallel Workers: 10
Heap:
 PSYoungGen      total 3072K, used 2087K [0x00000000d5580000, 0x00000000d5c00000, 0x0000000100000000)
  eden space 2560K, 66% used [0x00000000d5580000,0x00000000d5729db8,0x00000000d5800000)
  from space 512K, 75% used [0x00000000d5b00000,0x00000000d5b60020,0x00000000d5b80000)
  to   space 512K, 0% used [0x00000000d5b80000,0x00000000d5b80000,0x00000000d5c00000)
 ParOldGen       total 391680K, used 103364K [0x0000000080000000, 0x0000000097e80000, 0x00000000d5580000)
  object space 391680K, 26% used [0x0000000080000000,0x00000000864f1050,0x0000000097e80000)
 Metaspace       used 77439K, committed 79040K, reserved 1179648K
  class space    used 8501K, committed 9216K, reserved 1048576K
GC Heap History (20 events):
Event: 1370.787 GC heap before
{Heap before GC invocations=250 (full 4):
 PSYoungGen      total 3072K, used 2816K [0x00000000d5580000, 0x00000000d5c00000, 0x0000000100000000)
  eden space 2560K, 100% used [0x00000000d5580000,0x00000000d5800000,0x00000000d5800000)
  from space 512K, 50% used [0x00000000d5b00000,0x00000000d5b40000,0x00000000d5b80000)
  to   space 512K, 0% used [0x00000000d5b80000,0x00000000d5b80000,0x00000000d5c00000)
 ParOldGen       total 391680K, used 102852K [0x0000000080000000, 0x0000000097e80000, 0x00000000d5580000)
  object space 391680K, 26% used [0x0000000080000000,0x0000000086471050,0x0000000097e80000)
 Metaspace       used 77350K, committed 78912K, reserved 1179648K
  class space    used 8501K, committed 9216K, reserved 1048576K
}
Event: 1370.788 GC heap after
{Heap after GC invocations=250 (full 4):
 PSYoungGen      total 3072K, used 192K [0x00000000d5580000, 0x00000000d5c00000, 0x0000000100000000)
  eden space 2560K, 0% used [0x00000000d5580000,0x00000000d5580000,0x00000000d5800000)
  from space 512K, 37% used [0x00000000d5b80000,0x00000000d5bb0000,0x00000000d5c00000)
  to   space 512K, 0% used [0x00000000d5b00000,0x00000000d5b00000,0x00000000d5b80000)
 ParOldGen       total 391680K, used 102932K [0x0000000080000000, 0x0000000097e80000, 0x00000000d5580000)
  object space 391680K, 26% used [0x0000000080000000,0x0000000086485050,0x0000000097e80000)
 Metaspace       used 77350K, committed 78912K, reserved 1179648K
  class space    used 8501K, committed 9216K, reserved 1048576K
}
Event: 1371.849 GC heap before
{Heap before GC invocations=251 (full 4):
 PSYoungGen      total 3072K, used 2752K [0x00000000d5580000, 0x00000000d5c00000, 0x0000000100000000)
  eden space 2560K, 100% used [0x00000000d5580000,0x00000000d5800000,0x00000000d5800000)
  from space 512K, 37% used [0x00000000d5b80000,0x00000000d5bb0000,0x00000000d5c00000)
  to   space 512K, 0% used [0x00000000d5b00000,0x00000000d5b00000,0x00000000d5b80000)
 ParOldGen       total 391680K, used 102932K [0x0000000080000000, 0x0000000097e80000, 0x00000000d5580000)
  object space 391680K, 26% used [0x0000000080000000,0x0000000086485050,0x0000000097e80000)
 Metaspace       used 77361K, committed 78912K, reserved 1179648K
  class space    used 8501K, committed 9216K, reserved 1048576K
}
Event: 1371.851 GC heap after
{Heap after GC invocations=251 (full 4):
 PSYoungGen      total 3072K, used 256K [0x00000000d5580000, 0x00000000d5c00000, 0x0000000100000000)
  eden space 2560K, 0% used [0x00000000d5580000,0x00000000d5580000,0x00000000d5800000)
  from space 512K, 50% used [0x00000000d5b00000,0x00000000d5b40000,0x00000000d5b80000)
  to   space 512K, 0% used [0x00000000d5b80000,0x00000000d5b80000,0x00000000d5c00000)
 ParOldGen       total 391680K, used 102980K [0x0000000080000000, 0x0000000097e80000, 0x00000000d5580000)
  object space 391680K, 26% used [0x0000000080000000,0x0000000086491050,0x0000000097e80000)
 Metaspace       used 77361K, committed 78912K, reserved 1179648K
  class space    used 8501K, committed 9216K, reserved 1048576K
}
Event: 1375.422 GC heap before
{Heap before GC invocations=252 (full 4):
 PSYoungGen      total 3072K, used 2816K [0x00000000d5580000, 0x00000000d5c00000, 0x0000000100000000)
  eden space 2560K, 100% used [0x00000000d5580000,0x00000000d5800000,0x00000000d5800000)
  from space 512K, 50% used [0x00000000d5b00000,0x00000000d5b40000,0x00000000d5b80000)
  to   space 512K, 0% used [0x00000000d5b80000,0x00000000d5b80000,0x00000000d5c00000)
 ParOldGen       total 391680K, used 102980K [0x0000000080000000, 0x0000000097e80000, 0x00000000d5580000)
  object space 391680K, 26% used [0x0000000080000000,0x0000000086491050,0x0000000097e80000)
 Metaspace       used 77361K, committed 78912K, reserved 1179648K
  class space    used 8501K, committed 9216K, reserved 1048576K
}
Event: 1375.424 GC heap after
{Heap after GC invocations=252 (full 4):
 PSYoungGen      total 3072K, used 224K [0x00000000d5580000, 0x00000000d5c00000, 0x0000000100000000)
  eden space 2560K, 0% used [0x00000000d5580000,0x00000000d5580000,0x00000000d5800000)
  from space 512K, 43% used [0x00000000d5b80000,0x00000000d5bb8000,0x00000000d5c00000)
  to   space 512K, 0% used [0x00000000d5b00000,0x00000000d5b00000,0x00000000d5b80000)
 ParOldGen       total 391680K, used 103060K [0x0000000080000000, 0x0000000097e80000, 0x00000000d5580000)
  object space 391680K, 26% used [0x0000000080000000,0x00000000864a5050,0x0000000097e80000)
 Metaspace       used 77361K, committed 78912K, reserved 1179648K
  class space    used 8501K, committed 9216K, reserved 1048576K
}
Event: 1378.793 GC heap before
{Heap before GC invocations=253 (full 4):
 PSYoungGen      total 3072K, used 2783K [0x00000000d5580000, 0x00000000d5c00000, 0x0000000100000000)
  eden space 2560K, 99% used [0x00000000d5580000,0x00000000d57ffff8,0x00000000d5800000)
  from space 512K, 43% used [0x00000000d5b80000,0x00000000d5bb8000,0x00000000d5c00000)
  to   space 512K, 0% used [0x00000000d5b00000,0x00000000d5b00000,0x00000000d5b80000)
 ParOldGen       total 391680K, used 103060K [0x0000000080000000, 0x0000000097e80000, 0x00000000d5580000)
  object space 391680K, 26% used [0x0000000080000000,0x00000000864a5050,0x0000000097e80000)
 Metaspace       used 77369K, committed 78912K, reserved 1179648K
  class space    used 8501K, committed 9216K, reserved 1048576K
}
Event: 1378.794 GC heap after
{Heap after GC invocations=253 (full 4):
 PSYoungGen      total 3072K, used 288K [0x00000000d5580000, 0x00000000d5c00000, 0x0000000100000000)
  eden space 2560K, 0% used [0x00000000d5580000,0x00000000d5580000,0x00000000d5800000)
  from space 512K, 56% used [0x00000000d5b00000,0x00000000d5b48000,0x00000000d5b80000)
  to   space 512K, 0% used [0x00000000d5b80000,0x00000000d5b80000,0x00000000d5c00000)
 ParOldGen       total 391680K, used 103116K [0x0000000080000000, 0x0000000097e80000, 0x00000000d5580000)
  object space 391680K, 26% used [0x0000000080000000,0x00000000864b3050,0x0000000097e80000)
 Metaspace       used 77369K, committed 78912K, reserved 1179648K
  class space    used 8501K, committed 9216K, reserved 1048576K
}
Event: 1381.228 GC heap before
{Heap before GC invocations=254 (full 4):
 PSYoungGen      total 3072K, used 2848K [0x00000000d5580000, 0x00000000d5c00000, 0x0000000100000000)
  eden space 2560K, 100% used [0x00000000d5580000,0x00000000d5800000,0x00000000d5800000)
  from space 512K, 56% used [0x00000000d5b00000,0x00000000d5b48000,0x00000000d5b80000)
  to   space 512K, 0% used [0x00000000d5b80000,0x00000000d5b80000,0x00000000d5c00000)
 ParOldGen       total 391680K, used 103116K [0x0000000080000000, 0x0000000097e80000, 0x00000000d5580000)
  object space 391680K, 26% used [0x0000000080000000,0x00000000864b3050,0x0000000097e80000)
 Metaspace       used 77369K, committed 78912K, reserved 1179648K
  class space    used 8501K, committed 9216K, reserved 1048576K
}
Event: 1381.230 GC heap after
{Heap after GC invocations=254 (full 4):
 PSYoungGen      total 3072K, used 256K [0x00000000d5580000, 0x00000000d5c00000, 0x0000000100000000)
  eden space 2560K, 0% used [0x00000000d5580000,0x00000000d5580000,0x00000000d5800000)
  from space 512K, 50% used [0x00000000d5b80000,0x00000000d5bc0000,0x00000000d5c00000)
  to   space 512K, 0% used [0x00000000d5b00000,0x00000000d5b00000,0x00000000d5b80000)
 ParOldGen       total 391680K, used 103196K [0x0000000080000000, 0x0000000097e80000, 0x00000000d5580000)
  object space 391680K, 26% used [0x0000000080000000,0x00000000864c7050,0x0000000097e80000)
 Metaspace       used 77369K, committed 78912K, reserved 1179648K
  class space    used 8501K, committed 9216K, reserved 1048576K
}
Event: 1541.095 GC heap before
{Heap before GC invocations=255 (full 4):
 PSYoungGen      total 3072K, used 2816K [0x00000000d5580000, 0x00000000d5c00000, 0x0000000100000000)
  eden space 2560K, 100% used [0x00000000d5580000,0x00000000d5800000,0x00000000d5800000)
  from space 512K, 50% used [0x00000000d5b80000,0x00000000d5bc0000,0x00000000d5c00000)
  to   space 512K, 0% used [0x00000000d5b00000,0x00000000d5b00000,0x00000000d5b80000)
 ParOldGen       total 391680K, used 103196K [0x0000000080000000, 0x0000000097e80000, 0x00000000d5580000)
  object space 391680K, 26% used [0x0000000080000000,0x00000000864c7050,0x0000000097e80000)
 Metaspace       used 77369K, committed 78912K, reserved 1179648K
  class space    used 8501K, committed 9216K, reserved 1048576K
}
Event: 1541.101 GC heap after
{Heap after GC invocations=255 (full 4):
 PSYoungGen      total 3072K, used 224K [0x00000000d5580000, 0x00000000d5c00000, 0x0000000100000000)
  eden space 2560K, 0% used [0x00000000d5580000,0x00000000d5580000,0x00000000d5800000)
  from space 512K, 43% used [0x00000000d5b00000,0x00000000d5b38000,0x00000000d5b80000)
  to   space 512K, 0% used [0x00000000d5b80000,0x00000000d5b80000,0x00000000d5c00000)
 ParOldGen       total 391680K, used 103236K [0x0000000080000000, 0x0000000097e80000, 0x00000000d5580000)
  object space 391680K, 26% used [0x0000000080000000,0x00000000864d1050,0x0000000097e80000)
 Metaspace       used 77369K, committed 78912K, reserved 1179648K
  class space    used 8501K, committed 9216K, reserved 1048576K
}
Event: 1694.444 GC heap before
{Heap before GC invocations=256 (full 4):
 PSYoungGen      total 3072K, used 2784K [0x00000000d5580000, 0x00000000d5c00000, 0x0000000100000000)
  eden space 2560K, 100% used [0x00000000d5580000,0x00000000d5800000,0x00000000d5800000)
  from space 512K, 43% used [0x00000000d5b00000,0x00000000d5b38000,0x00000000d5b80000)
  to   space 512K, 0% used [0x00000000d5b80000,0x00000000d5b80000,0x00000000d5c00000)
 ParOldGen       total 391680K, used 103236K [0x0000000080000000, 0x0000000097e80000, 0x00000000d5580000)
  object space 391680K, 26% used [0x0000000080000000,0x00000000864d1050,0x0000000097e80000)
 Metaspace       used 77370K, committed 78912K, reserved 1179648K
  class space    used 8501K, committed 9216K, reserved 1048576K
}
Event: 1694.454 GC heap after
{Heap after GC invocations=256 (full 4):
 PSYoungGen      total 3072K, used 256K [0x00000000d5580000, 0x00000000d5c00000, 0x0000000100000000)
  eden space 2560K, 0% used [0x00000000d5580000,0x00000000d5580000,0x00000000d5800000)
  from space 512K, 50% used [0x00000000d5b80000,0x00000000d5bc0000,0x00000000d5c00000)
  to   space 512K, 0% used [0x00000000d5b00000,0x00000000d5b00000,0x00000000d5b80000)
 ParOldGen       total 391680K, used 103300K [0x0000000080000000, 0x0000000097e80000, 0x00000000d5580000)
  object space 391680K, 26% used [0x0000000080000000,0x00000000864e1050,0x0000000097e80000)
 Metaspace       used 77370K, committed 78912K, reserved 1179648K
  class space    used 8501K, committed 9216K, reserved 1048576K
}
Event: 1944.406 GC heap before
{Heap before GC invocations=257 (full 4):
 PSYoungGen      total 3072K, used 2815K [0x00000000d5580000, 0x00000000d5c00000, 0x0000000100000000)
  eden space 2560K, 99% used [0x00000000d5580000,0x00000000d57fff40,0x00000000d5800000)
  from space 512K, 50% used [0x00000000d5b80000,0x00000000d5bc0000,0x00000000d5c00000)
  to   space 512K, 0% used [0x00000000d5b00000,0x00000000d5b00000,0x00000000d5b80000)
 ParOldGen       total 391680K, used 103300K [0x0000000080000000, 0x0000000097e80000, 0x00000000d5580000)
  object space 391680K, 26% used [0x0000000080000000,0x00000000864e1050,0x0000000097e80000)
 Metaspace       used 77372K, committed 78912K, reserved 1179648K
  class space    used 8501K, committed 9216K, reserved 1048576K
}
Event: 1944.410 GC heap after
{Heap after GC invocations=257 (full 4):
 PSYoungGen      total 3072K, used 256K [0x00000000d5580000, 0x00000000d5c00000, 0x0000000100000000)
  eden space 2560K, 0% used [0x00000000d5580000,0x00000000d5580000,0x00000000d5800000)
  from space 512K, 50% used [0x00000000d5b00000,0x00000000d5b40000,0x00000000d5b80000)
  to   space 512K, 0% used [0x00000000d5b80000,0x00000000d5b80000,0x00000000d5c00000)
 ParOldGen       total 391680K, used 103356K [0x0000000080000000, 0x0000000097e80000, 0x00000000d5580000)
  object space 391680K, 26% used [0x0000000080000000,0x00000000864ef050,0x0000000097e80000)
 Metaspace       used 77372K, committed 78912K, reserved 1179648K
  class space    used 8501K, committed 9216K, reserved 1048576K
}
Event: 2060.737 GC heap before
{Heap before GC invocations=258 (full 4):
 PSYoungGen      total 3072K, used 2816K [0x00000000d5580000, 0x00000000d5c00000, 0x0000000100000000)
  eden space 2560K, 100% used [0x00000000d5580000,0x00000000d5800000,0x00000000d5800000)
  from space 512K, 50% used [0x00000000d5b00000,0x00000000d5b40000,0x00000000d5b80000)
  to   space 512K, 0% used [0x00000000d5b80000,0x00000000d5b80000,0x00000000d5c00000)
 ParOldGen       total 391680K, used 103356K [0x0000000080000000, 0x0000000097e80000, 0x00000000d5580000)
  object space 391680K, 26% used [0x0000000080000000,0x00000000864ef050,0x0000000097e80000)
 Metaspace       used 77374K, committed 78912K, reserved 1179648K
  class space    used 8501K, committed 9216K, reserved 1048576K
}
Event: 2060.739 GC heap after
{Heap after GC invocations=258 (full 4):
 PSYoungGen      total 3072K, used 256K [0x00000000d5580000, 0x00000000d5c00000, 0x0000000100000000)
  eden space 2560K, 0% used [0x00000000d5580000,0x00000000d5580000,0x00000000d5800000)
  from space 512K, 50% used [0x00000000d5b80000,0x00000000d5bc0000,0x00000000d5c00000)
  to   space 512K, 0% used [0x00000000d5b00000,0x00000000d5b00000,0x00000000d5b80000)
 ParOldGen       total 391680K, used 103356K [0x0000000080000000, 0x0000000097e80000, 0x00000000d5580000)
  object space 391680K, 26% used [0x0000000080000000,0x00000000864ef050,0x0000000097e80000)
 Metaspace       used 77374K, committed 78912K, reserved 1179648K
  class space    used 8501K, committed 9216K, reserved 1048576K
}
Event: 3922.011 GC heap before
{Heap before GC invocations=259 (full 4):
 PSYoungGen      total 3072K, used 2815K [0x00000000d5580000, 0x00000000d5c00000, 0x0000000100000000)
  eden space 2560K, 99% used [0x00000000d5580000,0x00000000d57fffe8,0x00000000d5800000)
  from space 512K, 50% used [0x00000000d5b80000,0x00000000d5bc0000,0x00000000d5c00000)
  to   space 512K, 0% used [0x00000000d5b00000,0x00000000d5b00000,0x00000000d5b80000)
 ParOldGen       total 391680K, used 103356K [0x0000000080000000, 0x0000000097e80000, 0x00000000d5580000)
  object space 391680K, 26% used [0x0000000080000000,0x00000000864ef050,0x0000000097e80000)
 Metaspace       used 77402K, committed 78912K, reserved 1179648K
  class space    used 8501K, committed 9216K, reserved 1048576K
}
Event: 3922.062 GC heap after
{Heap after GC invocations=259 (full 4):
 PSYoungGen      total 3072K, used 384K [0x00000000d5580000, 0x00000000d5c00000, 0x0000000100000000)
  eden space 2560K, 0% used [0x00000000d5580000,0x00000000d5580000,0x00000000d5800000)
  from space 512K, 75% used [0x00000000d5b00000,0x00000000d5b60020,0x00000000d5b80000)
  to   space 512K, 0% used [0x00000000d5b80000,0x00000000d5b80000,0x00000000d5c00000)
 ParOldGen       total 391680K, used 103364K [0x0000000080000000, 0x0000000097e80000, 0x00000000d5580000)
  object space 391680K, 26% used [0x0000000080000000,0x00000000864f1050,0x0000000097e80000)
 Metaspace       used 77402K, committed 78912K, reserved 1179648K
  class space    used 8501K, committed 9216K, reserved 1048576K
}

