# JRE version: OpenJDK Runtime Environment Temurin-21.0.9+10 (21.0.9+10) (build 21.0.9+10-LTS)
# Java VM: OpenJDK 64-Bit Server VM Temurin-21.0.9+10 (21.0.9+10-LTS, mixed mode, sharing, tiered, compressed oops, compressed class ptrs, parallel gc, windows-amd64)
GC Precious Log:
 CardTable entry size: 512
 CPUs: 12 total, 12 available
 Memory: 8059M
 Large Page Support: Disabled
 NUMA Support: Disabled
 Compressed Oops: Enabled (32-bit)
 Alignments: Space 512K, Generation 512K, Heap 2M
 Heap Min Capacity: 100M
 Heap Initial Capacity: 100M
 Heap Max Capacity: 2G
 Pre-touch: Disabled
 Parallel Workers: 10
Heap:
 PSYoungGen      total 3584K, used 2759K [0x00000000d5580000, 0x00000000d5a80000, 0x0000000100000000)
  eden space 3072K, 81% used [0x00000000d5580000,0x00000000d57f1e68,0x00000000d5880000)
  from space 512K, 50% used [0x00000000d5a00000,0x00000000d5a40000,0x00000000d5a80000)
  to   space 512K, 0% used [0x00000000d5980000,0x00000000d5980000,0x00000000d5a00000)
 ParOldGen       total 869376K, used 316382K [0x0000000080000000, 0x00000000b5100000, 0x00000000d5580000)
  object space 869376K, 36% used [0x0000000080000000,0x00000000934f79a0,0x00000000b5100000)
 Metaspace       used 86342K, committed 88064K, reserved 1179648K
  class space    used 10222K, committed 11008K, reserved 1048576K
GC Heap History (20 events):
Event: 5753.082 GC heap before
{Heap before GC invocations=2445 (full 4):
 PSYoungGen      total 3584K, used 3264K [0x00000000d5580000, 0x00000000d5a80000, 0x0000000100000000)
  eden space 3072K, 100% used [0x00000000d5580000,0x00000000d5880000,0x00000000d5880000)
  from space 512K, 37% used [0x00000000d5a00000,0x00000000d5a30000,0x00000000d5a80000)
  to   space 512K, 0% used [0x00000000d5980000,0x00000000d5980000,0x00000000d5a00000)
 ParOldGen       total 869376K, used 315870K [0x0000000080000000, 0x00000000b5100000, 0x00000000d5580000)
  object space 869376K, 36% used [0x0000000080000000,0x0000000093477980,0x00000000b5100000)
 Metaspace       used 86275K, committed 88000K, reserved 1179648K
  class space    used 10221K, committed 11008K, reserved 1048576K
}
Event: 5753.085 GC heap after
{Heap after GC invocations=2445 (full 4):
 PSYoungGen      total 3584K, used 192K [0x00000000d5580000, 0x00000000d5a80000, 0x0000000100000000)
  eden space 3072K, 0% used [0x00000000d5580000,0x00000000d5580000,0x00000000d5880000)
  from space 512K, 37% used [0x00000000d5980000,0x00000000d59b0000,0x00000000d5a00000)
  to   space 512K, 0% used [0x00000000d5a00000,0x00000000d5a00000,0x00000000d5a80000)
 ParOldGen       total 869376K, used 315894K [0x0000000080000000, 0x00000000b5100000, 0x00000000d5580000)
  object space 869376K, 36% used [0x0000000080000000,0x000000009347d980,0x00000000b5100000)
 Metaspace       used 86275K, committed 88000K, reserved 1179648K
  class space    used 10221K, committed 11008K, reserved 1048576K
}
Event: 5753.104 GC heap before
{Heap before GC invocations=2446 (full 4):
 PSYoungGen      total 3584K, used 3264K [0x00000000d5580000, 0x00000000d5a80000, 0x0000000100000000)
  eden space 3072K, 100% used [0x00000000d5580000,0x00000000d5880000,0x00000000d5880000)
  from space 512K, 37% used [0x00000000d5980000,0x00000000d59b0000,0x00000000d5a00000)
  to   space 512K, 0% used [0x00000000d5a00000,0x00000000d5a00000,0x00000000d5a80000)
 ParOldGen       total 869376K, used 315894K [0x0000000080000000, 0x00000000b5100000, 0x00000000d5580000)
  object space 869376K, 36% used [0x0000000080000000,0x000000009347d980,0x00000000b5100000)
 Metaspace       used 86275K, committed 88000K, reserved 1179648K
  class space    used 10221K, committed 11008K, reserved 1048576K
}
Event: 5753.106 GC heap after
{Heap after GC invocations=2446 (full 4):
 PSYoungGen      total 3584K, used 224K [0x00000000d5580000, 0x00000000d5a80000, 0x0000000100000000)
  eden space 3072K, 0% used [0x00000000d5580000,0x00000000d5580000,0x00000000d5880000)
  from space 512K, 43% used [0x00000000d5a00000,0x00000000d5a38000,0x00000000d5a80000)
  to   space 512K, 0% used [0x00000000d5980000,0x00000000d5980000,0x00000000d5a00000)
 ParOldGen       total 869376K, used 315926K [0x0000000080000000, 0x00000000b5100000, 0x00000000d5580000)
  object space 869376K, 36% used [0x0000000080000000,0x0000000093485980,0x00000000b5100000)
 Metaspace       used 86275K, committed 88000K, reserved 1179648K
  class space    used 10221K, committed 11008K, reserved 1048576K
}
Event: 5753.122 GC heap before
{Heap before GC invocations=2447 (full 4):
 PSYoungGen      total 3584K, used 3296K [0x00000000d5580000, 0x00000000d5a80000, 0x0000000100000000)
  eden space 3072K, 100% used [0x00000000d5580000,0x00000000d5880000,0x00000000d5880000)
  from space 512K, 43% used [0x00000000d5a00000,0x00000000d5a38000,0x00000000d5a80000)
  to   space 512K, 0% used [0x00000000d5980000,0x00000000d5980000,0x00000000d5a00000)
 ParOldGen       total 869376K, used 315926K [0x0000000080000000, 0x00000000b5100000, 0x00000000d5580000)
  object space 869376K, 36% used [0x0000000080000000,0x0000000093485980,0x00000000b5100000)
 Metaspace       used 86275K, committed 88000K, reserved 1179648K
  class space    used 10221K, committed 11008K, reserved 1048576K
}
Event: 5753.124 GC heap after
{Heap after GC invocations=2447 (full 4):
 PSYoungGen      total 3584K, used 192K [0x00000000d5580000, 0x00000000d5a80000, 0x0000000100000000)
  eden space 3072K, 0% used [0x00000000d5580000,0x00000000d5580000,0x00000000d5880000)
  from space 512K, 37% used [0x00000000d5980000,0x00000000d59b0000,0x00000000d5a00000)
  to   space 512K, 0% used [0x00000000d5a00000,0x00000000d5a00000,0x00000000d5a80000)
 ParOldGen       total 869376K, used 315926K [0x0000000080000000, 0x00000000b5100000, 0x00000000d5580000)
  object space 869376K, 36% used [0x0000000080000000,0x0000000093485980,0x00000000b5100000)
 Metaspace       used 86275K, committed 88000K, reserved 1179648K
  class space    used 10221K, committed 11008K, reserved 1048576K
}
Event: 5753.137 GC heap before
{Heap before GC invocations=2448 (full 4):
 PSYoungGen      total 3584K, used 3264K [0x00000000d5580000, 0x00000000d5a80000, 0x0000000100000000)
  eden space 3072K, 100% used [0x00000000d5580000,0x00000000d5880000,0x00000000d5880000)
  from space 512K, 37% used [0x00000000d5980000,0x00000000d59b0000,0x00000000d5a00000)
  to   space 512K, 0% used [0x00000000d5a00000,0x00000000d5a00000,0x00000000d5a80000)
 ParOldGen       total 869376K, used 315926K [0x0000000080000000, 0x00000000b5100000, 0x00000000d5580000)
  object space 869376K, 36% used [0x0000000080000000,0x0000000093485980,0x00000000b5100000)
 Metaspace       used 86275K, committed 88000K, reserved 1179648K
  class space    used 10221K, committed 11008K, reserved 1048576K
}
Event: 5753.139 GC heap after
{Heap after GC invocations=2448 (full 4):
 PSYoungGen      total 3584K, used 160K [0x00000000d5580000, 0x00000000d5a80000, 0x0000000100000000)
  eden space 3072K, 0% used [0x00000000d5580000,0x00000000d5580000,0x00000000d5880000)
  from space 512K, 31% used [0x00000000d5a00000,0x00000000d5a28000,0x00000000d5a80000)
  to   space 512K, 0% used [0x00000000d5980000,0x00000000d5980000,0x00000000d5a00000)
 ParOldGen       total 869376K, used 315926K [0x0000000080000000, 0x00000000b5100000, 0x00000000d5580000)
  object space 869376K, 36% used [0x0000000080000000,0x0000000093485980,0x00000000b5100000)
 Metaspace       used 86275K, committed 88000K, reserved 1179648K
  class space    used 10221K, committed 11008K, reserved 1048576K
}
Event: 5753.154 GC heap before
{Heap before GC invocations=2449 (full 4):
 PSYoungGen      total 3584K, used 3232K [0x00000000d5580000, 0x00000000d5a80000, 0x0000000100000000)
  eden space 3072K, 100% used [0x00000000d5580000,0x00000000d5880000,0x00000000d5880000)
  from space 512K, 31% used [0x00000000d5a00000,0x00000000d5a28000,0x00000000d5a80000)
  to   space 512K, 0% used [0x00000000d5980000,0x00000000d5980000,0x00000000d5a00000)
 ParOldGen       total 869376K, used 315926K [0x0000000080000000, 0x00000000b5100000, 0x00000000d5580000)
  object space 869376K, 36% used [0x0000000080000000,0x0000000093485980,0x00000000b5100000)
 Metaspace       used 86275K, committed 88000K, reserved 1179648K
  class space    used 10221K, committed 11008K, reserved 1048576K
}
Event: 5753.155 GC heap after
{Heap after GC invocations=2449 (full 4):
 PSYoungGen      total 3584K, used 224K [0x00000000d5580000, 0x00000000d5a80000, 0x0000000100000000)
  eden space 3072K, 0% used [0x00000000d5580000,0x00000000d5580000,0x00000000d5880000)
  from space 512K, 43% used [0x00000000d5980000,0x00000000d59b8000,0x00000000d5a00000)
  to   space 512K, 0% used [0x00000000d5a00000,0x00000000d5a00000,0x00000000d5a80000)
 ParOldGen       total 869376K, used 315958K [0x0000000080000000, 0x00000000b5100000, 0x00000000d5580000)
  object space 869376K, 36% used [0x0000000080000000,0x000000009348d980,0x00000000b5100000)
 Metaspace       used 86275K, committed 88000K, reserved 1179648K
  class space    used 10221K, committed 11008K, reserved 1048576K
}
Event: 5753.163 GC heap before
{Heap before GC invocations=2450 (full 4):
 PSYoungGen      total 3584K, used 3296K [0x00000000d5580000, 0x00000000d5a80000, 0x0000000100000000)
  eden space 3072K, 100% used [0x00000000d5580000,0x00000000d5880000,0x00000000d5880000)
  from space 512K, 43% used [0x00000000d5980000,0x00000000d59b8000,0x00000000d5a00000)
  to   space 512K, 0% used [0x00000000d5a00000,0x00000000d5a00000,0x00000000d5a80000)
 ParOldGen       total 869376K, used 315958K [0x0000000080000000, 0x00000000b5100000, 0x00000000d5580000)
  object space 869376K, 36% used [0x0000000080000000,0x000000009348d980,0x00000000b5100000)
 Metaspace       used 86275K, committed 88000K, reserved 1179648K
  class space    used 10221K, committed 11008K, reserved 1048576K
}
Event: 5753.165 GC heap after
{Heap after GC invocations=2450 (full 4):
 PSYoungGen      total 3584K, used 128K [0x00000000d5580000, 0x00000000d5a80000, 0x0000000100000000)
  eden space 3072K, 0% used [0x00000000d5580000,0x00000000d5580000,0x00000000d5880000)
  from space 512K, 25% used [0x00000000d5a00000,0x00000000d5a20000,0x00000000d5a80000)
  to   space 512K, 0% used [0x00000000d5980000,0x00000000d5980000,0x00000000d5a00000)
 ParOldGen       total 869376K, used 315982K [0x0000000080000000, 0x00000000b5100000, 0x00000000d5580000)
  object space 869376K, 36% used [0x0000000080000000,0x0000000093493980,0x00000000b5100000)
 Metaspace       used 86275K, committed 88000K, reserved 1179648K
  class space    used 10221K, committed 11008K, reserved 1048576K
}
Event: 5753.476 GC heap before
{Heap before GC invocations=2451 (full 4):
 PSYoungGen      total 3584K, used 3200K [0x00000000d5580000, 0x00000000d5a80000, 0x0000000100000000)
  eden space 3072K, 100% used [0x00000000d5580000,0x00000000d5880000,0x00000000d5880000)
  from space 512K, 25% used [0x00000000d5a00000,0x00000000d5a20000,0x00000000d5a80000)
  to   space 512K, 0% used [0x00000000d5980000,0x00000000d5980000,0x00000000d5a00000)
 ParOldGen       total 869376K, used 315982K [0x0000000080000000, 0x00000000b5100000, 0x00000000d5580000)
  object space 869376K, 36% used [0x0000000080000000,0x0000000093493980,0x00000000b5100000)
 Metaspace       used 86277K, committed 88000K, reserved 1179648K
  class space    used 10221K, committed 11008K, reserved 1048576K
}
Event: 5753.479 GC heap after
{Heap after GC invocations=2451 (full 4):
 PSYoungGen      total 3584K, used 224K [0x00000000d5580000, 0x00000000d5a80000, 0x0000000100000000)
  eden space 3072K, 0% used [0x00000000d5580000,0x00000000d5580000,0x00000000d5880000)
  from space 512K, 43% used [0x00000000d5980000,0x00000000d59b8000,0x00000000d5a00000)
  to   space 512K, 0% used [0x00000000d5a00000,0x00000000d5a00000,0x00000000d5a80000)
 ParOldGen       total 869376K, used 315982K [0x0000000080000000, 0x00000000b5100000, 0x00000000d5580000)
  object space 869376K, 36% used [0x0000000080000000,0x0000000093493980,0x00000000b5100000)
 Metaspace       used 86277K, committed 88000K, reserved 1179648K
  class space    used 10221K, committed 11008K, reserved 1048576K
}
Event: 5753.496 GC heap before
{Heap before GC invocations=2452 (full 4):
 PSYoungGen      total 3584K, used 3295K [0x00000000d5580000, 0x00000000d5a80000, 0x0000000100000000)
  eden space 3072K, 99% used [0x00000000d5580000,0x00000000d587fff8,0x00000000d5880000)
  from space 512K, 43% used [0x00000000d5980000,0x00000000d59b8000,0x00000000d5a00000)
  to   space 512K, 0% used [0x00000000d5a00000,0x00000000d5a00000,0x00000000d5a80000)
 ParOldGen       total 869376K, used 315982K [0x0000000080000000, 0x00000000b5100000, 0x00000000d5580000)
  object space 869376K, 36% used [0x0000000080000000,0x0000000093493980,0x00000000b5100000)
 Metaspace       used 86279K, committed 88000K, reserved 1179648K
  class space    used 10221K, committed 11008K, reserved 1048576K
}
Event: 5753.497 GC heap after
{Heap after GC invocations=2452 (full 4):
 PSYoungGen      total 3584K, used 224K [0x00000000d5580000, 0x00000000d5a80000, 0x0000000100000000)
  eden space 3072K, 0% used [0x00000000d5580000,0x00000000d5580000,0x00000000d5880000)
  from space 512K, 43% used [0x00000000d5a00000,0x00000000d5a38000,0x00000000d5a80000)
  to   space 512K, 0% used [0x00000000d5980000,0x00000000d5980000,0x00000000d5a00000)
 ParOldGen       total 869376K, used 316062K [0x0000000080000000, 0x00000000b5100000, 0x00000000d5580000)
  object space 869376K, 36% used [0x0000000080000000,0x00000000934a7980,0x00000000b5100000)
 Metaspace       used 86279K, committed 88000K, reserved 1179648K
  class space    used 10221K, committed 11008K, reserved 1048576K
}
Event: 5753.607 GC heap before
{Heap before GC invocations=2453 (full 4):
 PSYoungGen      total 3584K, used 3296K [0x00000000d5580000, 0x00000000d5a80000, 0x0000000100000000)
  eden space 3072K, 100% used [0x00000000d5580000,0x00000000d5880000,0x00000000d5880000)
  from space 512K, 43% used [0x00000000d5a00000,0x00000000d5a38000,0x00000000d5a80000)
  to   space 512K, 0% used [0x00000000d5980000,0x00000000d5980000,0x00000000d5a00000)
 ParOldGen       total 869376K, used 316062K [0x0000000080000000, 0x00000000b5100000, 0x00000000d5580000)
  object space 869376K, 36% used [0x0000000080000000,0x00000000934a7980,0x00000000b5100000)
 Metaspace       used 86315K, committed 88000K, reserved 1179648K
  class space    used 10222K, committed 11008K, reserved 1048576K
}
Event: 5753.609 GC heap after
{Heap after GC invocations=2453 (full 4):
 PSYoungGen      total 3584K, used 384K [0x00000000d5580000, 0x00000000d5a80000, 0x0000000100000000)
  eden space 3072K, 0% used [0x00000000d5580000,0x00000000d5580000,0x00000000d5880000)
  from space 512K, 75% used [0x00000000d5980000,0x00000000d59e0020,0x00000000d5a00000)
  to   space 512K, 0% used [0x00000000d5a00000,0x00000000d5a00000,0x00000000d5a80000)
 ParOldGen       total 869376K, used 316126K [0x0000000080000000, 0x00000000b5100000, 0x00000000d5580000)
  object space 869376K, 36% used [0x0000000080000000,0x00000000934b7980,0x00000000b5100000)
 Metaspace       used 86315K, committed 88000K, reserved 1179648K
  class space    used 10222K, committed 11008K, reserved 1048576K
}
Event: 5895.831 GC heap before
{Heap before GC invocations=2454 (full 4):
 PSYoungGen      total 3584K, used 3455K [0x00000000d5580000, 0x00000000d5a80000, 0x0000000100000000)
  eden space 3072K, 99% used [0x00000000d5580000,0x00000000d587ffc8,0x00000000d5880000)
  from space 512K, 75% used [0x00000000d5980000,0x00000000d59e0020,0x00000000d5a00000)
  to   space 512K, 0% used [0x00000000d5a00000,0x00000000d5a00000,0x00000000d5a80000)
 ParOldGen       total 869376K, used 316126K [0x0000000080000000, 0x00000000b5100000, 0x00000000d5580000)
  object space 869376K, 36% used [0x0000000080000000,0x00000000934b7980,0x00000000b5100000)
 Metaspace       used 86326K, committed 88064K, reserved 1179648K
  class space    used 10222K, committed 11008K, reserved 1048576K
}
Event: 5895.957 GC heap after
{Heap after GC invocations=2454 (full 4):
 PSYoungGen      total 3584K, used 256K [0x00000000d5580000, 0x00000000d5a80000, 0x0000000100000000)
  eden space 3072K, 0% used [0x00000000d5580000,0x00000000d5580000,0x00000000d5880000)
  from space 512K, 50% used [0x00000000d5a00000,0x00000000d5a40000,0x00000000d5a80000)
  to   space 512K, 0% used [0x00000000d5980000,0x00000000d5980000,0x00000000d5a00000)
 ParOldGen       total 869376K, used 316382K [0x0000000080000000, 0x00000000b5100000, 0x00000000d5580000)
  object space 869376K, 36% used [0x0000000080000000,0x00000000934f79a0,0x00000000b5100000)
 Metaspace       used 86326K, committed 88064K, reserved 1179648K
  class space    used 10222K, committed 11008K, reserved 1048576K
}

