# JRE version: OpenJDK Runtime Environment Temurin-21.0.9+10 (21.0.9+10) (build 21.0.9+10-LTS)
# Java VM: OpenJDK 64-Bit Server VM Temurin-21.0.9+10 (21.0.9+10-LTS, mixed mode, sharing, tiered, compressed oops, compressed class ptrs, parallel gc, windows-amd64)
GC Precious Log:
 CardTable entry size: 512
 CPUs: 12 total, 12 available
 Memory: 8059M
 Large Page Support: Disabled
 NUMA Support: Disabled
 Compressed Oops: Enabled (32-bit)
 Alignments: Space 512K, Generation 512K, Heap 2M
 Heap Min Capacity: 100M
 Heap Initial Capacity: 100M
 Heap Max Capacity: 2G
 Pre-touch: Disabled
 Parallel Workers: 10
Heap:
 PSYoungGen      total 5120K, used 2393K [0x00000000d5580000, 0x00000000d5d80000, 0x0000000100000000)
  eden space 4096K, 33% used [0x00000000d5580000,0x00000000d56da720,0x00000000d5980000)
  from space 1024K, 98% used [0x00000000d5b00000,0x00000000d5bfc010,0x00000000d5c00000)
  to   space 1536K, 0% used [0x00000000d5c00000,0x00000000d5c00000,0x00000000d5d80000)
 ParOldGen       total 273408K, used 273045K [0x0000000080000000, 0x0000000090b00000, 0x00000000d5580000)
  object space 273408K, 99% used [0x0000000080000000,0x0000000090aa5598,0x0000000090b00000)
 Metaspace       used 71208K, committed 72640K, reserved 1114112K
  class space    used 8029K, committed 8704K, reserved 1048576K
GC Heap History (20 events):
Event: 37.028 GC heap before
{Heap before GC invocations=790 (full 3):
 PSYoungGen      total 2560K, used 2560K [0x00000000d5580000, 0x00000000d5c80000, 0x0000000100000000)
  eden space 2048K, 100% used [0x00000000d5580000,0x00000000d5780000,0x00000000d5780000)
  from space 512K, 100% used [0x00000000d5b00000,0x00000000d5b80000,0x00000000d5b80000)
  to   space 2560K, 0% used [0x00000000d5780000,0x00000000d5780000,0x00000000d5a00000)
 ParOldGen       total 249344K, used 249291K [0x0000000080000000, 0x000000008f380000, 0x00000000d5580000)
  object space 249344K, 99% used [0x0000000080000000,0x000000008f372f00,0x000000008f380000)
 Metaspace       used 70759K, committed 72192K, reserved 1114112K
  class space    used 8003K, committed 8640K, reserved 1048576K
}
Event: 37.032 GC heap after
{Heap after GC invocations=790 (full 3):
 PSYoungGen      total 4608K, used 1872K [0x00000000d5580000, 0x00000000d5c00000, 0x0000000100000000)
  eden space 2048K, 0% used [0x00000000d5580000,0x00000000d5580000,0x00000000d5780000)
  from space 2560K, 73% used [0x00000000d5780000,0x00000000d5954038,0x00000000d5a00000)
  to   space 2048K, 0% used [0x00000000d5a00000,0x00000000d5a00000,0x00000000d5c00000)
 ParOldGen       total 249856K, used 249851K [0x0000000080000000, 0x000000008f400000, 0x00000000d5580000)
  object space 249856K, 99% used [0x0000000080000000,0x000000008f3fef00,0x000000008f400000)
 Metaspace       used 70759K, committed 72192K, reserved 1114112K
  class space    used 8003K, committed 8640K, reserved 1048576K
}
Event: 37.039 GC heap before
{Heap before GC invocations=791 (full 3):
 PSYoungGen      total 4608K, used 3920K [0x00000000d5580000, 0x00000000d5c00000, 0x0000000100000000)
  eden space 2048K, 100% used [0x00000000d5580000,0x00000000d5780000,0x00000000d5780000)
  from space 2560K, 73% used [0x00000000d5780000,0x00000000d5954038,0x00000000d5a00000)
  to   space 2048K, 0% used [0x00000000d5a00000,0x00000000d5a00000,0x00000000d5c00000)
 ParOldGen       total 249856K, used 249851K [0x0000000080000000, 0x000000008f400000, 0x00000000d5580000)
  object space 249856K, 99% used [0x0000000080000000,0x000000008f3fef00,0x000000008f400000)
 Metaspace       used 70762K, committed 72192K, reserved 1114112K
  class space    used 8003K, committed 8640K, reserved 1048576K
}
Event: 37.043 GC heap after
{Heap after GC invocations=791 (full 3):
 PSYoungGen      total 4608K, used 1984K [0x00000000d5580000, 0x00000000d5c00000, 0x0000000100000000)
  eden space 2560K, 0% used [0x00000000d5580000,0x00000000d5580000,0x00000000d5800000)
  from space 2048K, 96% used [0x00000000d5a00000,0x00000000d5bf0000,0x00000000d5c00000)
  to   space 2048K, 0% used [0x00000000d5800000,0x00000000d5800000,0x00000000d5a00000)
 ParOldGen       total 251904K, used 251643K [0x0000000080000000, 0x000000008f600000, 0x00000000d5580000)
  object space 251904K, 99% used [0x0000000080000000,0x000000008f5bef38,0x000000008f600000)
 Metaspace       used 70762K, committed 72192K, reserved 1114112K
  class space    used 8003K, committed 8640K, reserved 1048576K
}
Event: 37.053 GC heap before
{Heap before GC invocations=792 (full 3):
 PSYoungGen      total 4608K, used 4544K [0x00000000d5580000, 0x00000000d5c00000, 0x0000000100000000)
  eden space 2560K, 100% used [0x00000000d5580000,0x00000000d5800000,0x00000000d5800000)
  from space 2048K, 96% used [0x00000000d5a00000,0x00000000d5bf0000,0x00000000d5c00000)
  to   space 2048K, 0% used [0x00000000d5800000,0x00000000d5800000,0x00000000d5a00000)
 ParOldGen       total 251904K, used 251643K [0x0000000080000000, 0x000000008f600000, 0x00000000d5580000)
  object space 251904K, 99% used [0x0000000080000000,0x000000008f5bef38,0x000000008f600000)
 Metaspace       used 70779K, committed 72192K, reserved 1114112K
  class space    used 8003K, committed 8640K, reserved 1048576K
}
Event: 37.058 GC heap after
{Heap after GC invocations=792 (full 3):
 PSYoungGen      total 4608K, used 2048K [0x00000000d5580000, 0x00000000d6180000, 0x0000000100000000)
  eden space 2560K, 0% used [0x00000000d5580000,0x00000000d5580000,0x00000000d5800000)
  from space 2048K, 100% used [0x00000000d5800000,0x00000000d5a00000,0x00000000d5a00000)
  to   space 4608K, 0% used [0x00000000d5d00000,0x00000000d5d00000,0x00000000d6180000)
 ParOldGen       total 253952K, used 253747K [0x0000000080000000, 0x000000008f800000, 0x00000000d5580000)
  object space 253952K, 99% used [0x0000000080000000,0x000000008f7ccf38,0x000000008f800000)
 Metaspace       used 70779K, committed 72192K, reserved 1114112K
  class space    used 8003K, committed 8640K, reserved 1048576K
}
Event: 37.067 GC heap before
{Heap before GC invocations=793 (full 3):
 PSYoungGen      total 4608K, used 4608K [0x00000000d5580000, 0x00000000d6180000, 0x0000000100000000)
  eden space 2560K, 100% used [0x00000000d5580000,0x00000000d5800000,0x00000000d5800000)
  from space 2048K, 100% used [0x00000000d5800000,0x00000000d5a00000,0x00000000d5a00000)
  to   space 4608K, 0% used [0x00000000d5d00000,0x00000000d5d00000,0x00000000d6180000)
 ParOldGen       total 253952K, used 253747K [0x0000000080000000, 0x000000008f800000, 0x00000000d5580000)
  object space 253952K, 99% used [0x0000000080000000,0x000000008f7ccf38,0x000000008f800000)
 Metaspace       used 70793K, committed 72192K, reserved 1114112K
  class space    used 8004K, committed 8640K, reserved 1048576K
}
Event: 37.071 GC heap after
{Heap after GC invocations=793 (full 3):
 PSYoungGen      total 5632K, used 2560K [0x00000000d5580000, 0x00000000d5f80000, 0x0000000100000000)
  eden space 3072K, 0% used [0x00000000d5580000,0x00000000d5580000,0x00000000d5880000)
  from space 2560K, 100% used [0x00000000d5d00000,0x00000000d5f80000,0x00000000d5f80000)
  to   space 3584K, 0% used [0x00000000d5880000,0x00000000d5880000,0x00000000d5c00000)
 ParOldGen       total 256000K, used 255795K [0x0000000080000000, 0x000000008fa00000, 0x00000000d5580000)
  object space 256000K, 99% used [0x0000000080000000,0x000000008f9ccf38,0x000000008fa00000)
 Metaspace       used 70793K, committed 72192K, reserved 1114112K
  class space    used 8004K, committed 8640K, reserved 1048576K
}
Event: 37.080 GC heap before
{Heap before GC invocations=794 (full 3):
 PSYoungGen      total 5632K, used 5631K [0x00000000d5580000, 0x00000000d5f80000, 0x0000000100000000)
  eden space 3072K, 99% used [0x00000000d5580000,0x00000000d587fff0,0x00000000d5880000)
  from space 2560K, 100% used [0x00000000d5d00000,0x00000000d5f80000,0x00000000d5f80000)
  to   space 3584K, 0% used [0x00000000d5880000,0x00000000d5880000,0x00000000d5c00000)
 ParOldGen       total 256000K, used 255795K [0x0000000080000000, 0x000000008fa00000, 0x00000000d5580000)
  object space 256000K, 99% used [0x0000000080000000,0x000000008f9ccf38,0x000000008fa00000)
 Metaspace       used 70796K, committed 72192K, reserved 1114112K
  class space    used 8004K, committed 8640K, reserved 1048576K
}
Event: 37.084 GC heap after
{Heap after GC invocations=794 (full 3):
 PSYoungGen      total 6656K, used 2741K [0x00000000d5580000, 0x00000000d5f80000, 0x0000000100000000)
  eden space 3072K, 0% used [0x00000000d5580000,0x00000000d5580000,0x00000000d5880000)
  from space 3584K, 76% used [0x00000000d5880000,0x00000000d5b2d418,0x00000000d5c00000)
  to   space 3072K, 0% used [0x00000000d5c80000,0x00000000d5c80000,0x00000000d5f80000)
 ParOldGen       total 258560K, used 258224K [0x0000000080000000, 0x000000008fc80000, 0x00000000d5580000)
  object space 258560K, 99% used [0x0000000080000000,0x000000008fc2c388,0x000000008fc80000)
 Metaspace       used 70796K, committed 72192K, reserved 1114112K
  class space    used 8004K, committed 8640K, reserved 1048576K
}
Event: 37.104 GC heap before
{Heap before GC invocations=795 (full 3):
 PSYoungGen      total 6656K, used 5813K [0x00000000d5580000, 0x00000000d5f80000, 0x0000000100000000)
  eden space 3072K, 100% used [0x00000000d5580000,0x00000000d5880000,0x00000000d5880000)
  from space 3584K, 76% used [0x00000000d5880000,0x00000000d5b2d418,0x00000000d5c00000)
  to   space 3072K, 0% used [0x00000000d5c80000,0x00000000d5c80000,0x00000000d5f80000)
 ParOldGen       total 258560K, used 258224K [0x0000000080000000, 0x000000008fc80000, 0x00000000d5580000)
  object space 258560K, 99% used [0x0000000080000000,0x000000008fc2c388,0x000000008fc80000)
 Metaspace       used 70807K, committed 72192K, reserved 1114112K
  class space    used 8004K, committed 8640K, reserved 1048576K
}
Event: 37.110 GC heap after
{Heap after GC invocations=795 (full 3):
 PSYoungGen      total 7168K, used 2656K [0x00000000d5580000, 0x00000000d5f80000, 0x0000000100000000)
  eden space 4096K, 0% used [0x00000000d5580000,0x00000000d5580000,0x00000000d5980000)
  from space 3072K, 86% used [0x00000000d5c80000,0x00000000d5f18000,0x00000000d5f80000)
  to   space 3072K, 0% used [0x00000000d5980000,0x00000000d5980000,0x00000000d5c80000)
 ParOldGen       total 261120K, used 260907K [0x0000000080000000, 0x000000008ff00000, 0x00000000d5580000)
  object space 261120K, 99% used [0x0000000080000000,0x000000008fecaee8,0x000000008ff00000)
 Metaspace       used 70807K, committed 72192K, reserved 1114112K
  class space    used 8004K, committed 8640K, reserved 1048576K
}
Event: 37.175 GC heap before
{Heap before GC invocations=796 (full 3):
 PSYoungGen      total 7168K, used 6743K [0x00000000d5580000, 0x00000000d5f80000, 0x0000000100000000)
  eden space 4096K, 99% used [0x00000000d5580000,0x00000000d597dfc8,0x00000000d5980000)
  from space 3072K, 86% used [0x00000000d5c80000,0x00000000d5f18000,0x00000000d5f80000)
  to   space 3072K, 0% used [0x00000000d5980000,0x00000000d5980000,0x00000000d5c80000)
 ParOldGen       total 261120K, used 260907K [0x0000000080000000, 0x000000008ff00000, 0x00000000d5580000)
  object space 261120K, 99% used [0x0000000080000000,0x000000008fecaee8,0x000000008ff00000)
 Metaspace       used 70943K, committed 72320K, reserved 1114112K
  class space    used 8014K, committed 8640K, reserved 1048576K
}
Event: 37.179 GC heap after
{Heap after GC invocations=796 (full 3):
 PSYoungGen      total 7168K, used 2093K [0x00000000d5580000, 0x00000000d5f80000, 0x0000000100000000)
  eden space 4096K, 0% used [0x00000000d5580000,0x00000000d5580000,0x00000000d5980000)
  from space 3072K, 68% used [0x00000000d5980000,0x00000000d5b8b680,0x00000000d5c80000)
  to   space 2560K, 0% used [0x00000000d5d00000,0x00000000d5d00000,0x00000000d5f80000)
 ParOldGen       total 263680K, used 263451K [0x0000000080000000, 0x0000000090180000, 0x00000000d5580000)
  object space 263680K, 99% used [0x0000000080000000,0x0000000090146ee8,0x0000000090180000)
 Metaspace       used 70943K, committed 72320K, reserved 1114112K
  class space    used 8014K, committed 8640K, reserved 1048576K
}
Event: 37.220 GC heap before
{Heap before GC invocations=797 (full 3):
 PSYoungGen      total 7168K, used 6189K [0x00000000d5580000, 0x00000000d5f80000, 0x0000000100000000)
  eden space 4096K, 100% used [0x00000000d5580000,0x00000000d5980000,0x00000000d5980000)
  from space 3072K, 68% used [0x00000000d5980000,0x00000000d5b8b680,0x00000000d5c80000)
  to   space 2560K, 0% used [0x00000000d5d00000,0x00000000d5d00000,0x00000000d5f80000)
 ParOldGen       total 263680K, used 263451K [0x0000000080000000, 0x0000000090180000, 0x00000000d5580000)
  object space 263680K, 99% used [0x0000000080000000,0x0000000090146ee8,0x0000000090180000)
 Metaspace       used 71060K, committed 72512K, reserved 1114112K
  class space    used 8021K, committed 8704K, reserved 1048576K
}
Event: 37.224 GC heap after
{Heap after GC invocations=797 (full 3):
 PSYoungGen      total 6656K, used 2482K [0x00000000d5580000, 0x00000000d5f80000, 0x0000000100000000)
  eden space 4096K, 0% used [0x00000000d5580000,0x00000000d5580000,0x00000000d5980000)
  from space 2560K, 96% used [0x00000000d5d00000,0x00000000d5f6cad0,0x00000000d5f80000)
  to   space 2560K, 0% used [0x00000000d5a80000,0x00000000d5a80000,0x00000000d5d00000)
 ParOldGen       total 265216K, used 264752K [0x0000000080000000, 0x0000000090300000, 0x00000000d5580000)
  object space 265216K, 99% used [0x0000000080000000,0x000000009028c1b8,0x0000000090300000)
 Metaspace       used 71060K, committed 72512K, reserved 1114112K
  class space    used 8021K, committed 8704K, reserved 1048576K
}
Event: 37.271 GC heap before
{Heap before GC invocations=798 (full 3):
 PSYoungGen      total 6656K, used 5468K [0x00000000d5580000, 0x00000000d5f80000, 0x0000000100000000)
  eden space 4096K, 72% used [0x00000000d5580000,0x00000000d586a540,0x00000000d5980000)
  from space 2560K, 96% used [0x00000000d5d00000,0x00000000d5f6cad0,0x00000000d5f80000)
  to   space 2560K, 0% used [0x00000000d5a80000,0x00000000d5a80000,0x00000000d5d00000)
 ParOldGen       total 265216K, used 264752K [0x0000000080000000, 0x0000000090300000, 0x00000000d5580000)
  object space 265216K, 99% used [0x0000000080000000,0x000000009028c1b8,0x0000000090300000)
 Metaspace       used 71086K, committed 72576K, reserved 1114112K
  class space    used 8027K, committed 8704K, reserved 1048576K
}
Event: 37.275 GC heap after
{Heap after GC invocations=798 (full 3):
 PSYoungGen      total 5632K, used 1440K [0x00000000d5580000, 0x00000000d5d80000, 0x0000000100000000)
  eden space 4096K, 0% used [0x00000000d5580000,0x00000000d5580000,0x00000000d5980000)
  from space 1536K, 93% used [0x00000000d5a80000,0x00000000d5be8020,0x00000000d5c00000)
  to   space 1536K, 0% used [0x00000000d5c00000,0x00000000d5c00000,0x00000000d5d80000)
 ParOldGen       total 267264K, used 267061K [0x0000000080000000, 0x0000000090500000, 0x00000000d5580000)
  object space 267264K, 99% used [0x0000000080000000,0x00000000904cd6c0,0x0000000090500000)
 Metaspace       used 71086K, committed 72576K, reserved 1114112K
  class space    used 8027K, committed 8704K, reserved 1048576K
}
Event: 37.306 GC heap before
{Heap before GC invocations=799 (full 3):
 PSYoungGen      total 5632K, used 5536K [0x00000000d5580000, 0x00000000d5d80000, 0x0000000100000000)
  eden space 4096K, 100% used [0x00000000d5580000,0x00000000d5980000,0x00000000d5980000)
  from space 1536K, 93% used [0x00000000d5a80000,0x00000000d5be8020,0x00000000d5c00000)
  to   space 1536K, 0% used [0x00000000d5c00000,0x00000000d5c00000,0x00000000d5d80000)
 ParOldGen       total 267264K, used 267061K [0x0000000080000000, 0x0000000090500000, 0x00000000d5580000)
  object space 267264K, 99% used [0x0000000080000000,0x00000000904cd6c0,0x0000000090500000)
 Metaspace       used 71109K, committed 72576K, reserved 1114112K
  class space    used 8028K, committed 8704K, reserved 1048576K
}
Event: 37.311 GC heap after
{Heap after GC invocations=799 (full 3):
 PSYoungGen      total 5120K, used 544K [0x00000000d5580000, 0x00000000d5d00000, 0x0000000100000000)
  eden space 4096K, 0% used [0x00000000d5580000,0x00000000d5580000,0x00000000d5980000)
  from space 1024K, 53% used [0x00000000d5c00000,0x00000000d5c88000,0x00000000d5d00000)
  to   space 1024K, 0% used [0x00000000d5b00000,0x00000000d5b00000,0x00000000d5c00000)
 ParOldGen       total 272896K, used 272261K [0x0000000080000000, 0x0000000090a80000, 0x00000000d5580000)
  object space 272896K, 99% used [0x0000000080000000,0x00000000909e1458,0x0000000090a80000)
 Metaspace       used 71109K, committed 72576K, reserved 1114112K
  class space    used 8028K, committed 8704K, reserved 1048576K
}

