# JRE version: OpenJDK Runtime Environment Temurin-21.0.9+10 (21.0.9+10) (build 21.0.9+10-LTS)
# Java VM: OpenJDK 64-Bit Server VM Temurin-21.0.9+10 (21.0.9+10-LTS, mixed mode, sharing, tiered, compressed oops, compressed class ptrs, parallel gc, windows-amd64)
GC Precious Log:
 CardTable entry size: 512
 CPUs: 12 total, 12 available
 Memory: 8059M
 Large Page Support: Disabled
 NUMA Support: Disabled
 Compressed Oops: Enabled (32-bit)
 Alignments: Space 512K, Generation 512K, Heap 2M
 Heap Min Capacity: 100M
 Heap Initial Capacity: 100M
 Heap Max Capacity: 2G
 Pre-touch: Disabled
 Parallel Workers: 10
Heap:
 PSYoungGen      total 23552K, used 17337K [0x00000000d5580000, 0x00000000d7300000, 0x0000000100000000)
  eden space 22016K, 75% used [0x00000000d5580000,0x00000000d65ba600,0x00000000d6b00000)
  from space 1536K, 46% used [0x00000000d7080000,0x00000000d7134020,0x00000000d7200000)
  to   space 1024K, 0% used [0x00000000d7200000,0x00000000d7200000,0x00000000d7300000)
 ParOldGen       total 68608K, used 59645K [0x0000000080000000, 0x0000000084300000, 0x00000000d5580000)
  object space 68608K, 86% used [0x0000000080000000,0x0000000083a3f788,0x0000000084300000)
 Metaspace       used 67184K, committed 68544K, reserved 1114112K
  class space    used 8438K, committed 9088K, reserved 1048576K
GC Heap History (20 events):
Event: 120.692 GC heap before
{Heap before GC invocations=57 (full 3):
 PSYoungGen      total 23040K, used 22519K [0x00000000d5580000, 0x00000000d7400000, 0x0000000100000000)
  eden space 22016K, 100% used [0x00000000d5580000,0x00000000d6b00000,0x00000000d6b00000)
  from space 1024K, 49% used [0x00000000d7200000,0x00000000d727dc20,0x00000000d7300000)
  to   space 1024K, 0% used [0x00000000d7300000,0x00000000d7300000,0x00000000d7400000)
 ParOldGen       total 68608K, used 58330K [0x0000000080000000, 0x0000000084300000, 0x00000000d5580000)
  object space 68608K, 85% used [0x0000000080000000,0x00000000838f6b40,0x0000000084300000)
 Metaspace       used 62435K, committed 63744K, reserved 1114112K
  class space    used 7737K, committed 8320K, reserved 1048576K
}
Event: 120.693 GC heap after
{Heap after GC invocations=57 (full 3):
 PSYoungGen      total 23040K, used 586K [0x00000000d5580000, 0x00000000d7400000, 0x0000000100000000)
  eden space 22016K, 0% used [0x00000000d5580000,0x00000000d5580000,0x00000000d6b00000)
  from space 1024K, 57% used [0x00000000d7300000,0x00000000d7392a50,0x00000000d7400000)
  to   space 1024K, 0% used [0x00000000d7200000,0x00000000d7200000,0x00000000d7300000)
 ParOldGen       total 68608K, used 58522K [0x0000000080000000, 0x0000000084300000, 0x00000000d5580000)
  object space 68608K, 85% used [0x0000000080000000,0x0000000083926850,0x0000000084300000)
 Metaspace       used 62435K, committed 63744K, reserved 1114112K
  class space    used 7737K, committed 8320K, reserved 1048576K
}
Event: 121.239 GC heap before
{Heap before GC invocations=58 (full 3):
 PSYoungGen      total 23040K, used 22602K [0x00000000d5580000, 0x00000000d7400000, 0x0000000100000000)
  eden space 22016K, 100% used [0x00000000d5580000,0x00000000d6b00000,0x00000000d6b00000)
  from space 1024K, 57% used [0x00000000d7300000,0x00000000d7392a50,0x00000000d7400000)
  to   space 1024K, 0% used [0x00000000d7200000,0x00000000d7200000,0x00000000d7300000)
 ParOldGen       total 68608K, used 58522K [0x0000000080000000, 0x0000000084300000, 0x00000000d5580000)
  object space 68608K, 85% used [0x0000000080000000,0x0000000083926850,0x0000000084300000)
 Metaspace       used 63590K, committed 64960K, reserved 1114112K
  class space    used 7933K, committed 8576K, reserved 1048576K
}
Event: 121.241 GC heap after
{Heap after GC invocations=58 (full 3):
 PSYoungGen      total 23040K, used 528K [0x00000000d5580000, 0x00000000d7380000, 0x0000000100000000)
  eden space 22016K, 0% used [0x00000000d5580000,0x00000000d5580000,0x00000000d6b00000)
  from space 1024K, 51% used [0x00000000d7200000,0x00000000d7284010,0x00000000d7300000)
  to   space 512K, 0% used [0x00000000d7300000,0x00000000d7300000,0x00000000d7380000)
 ParOldGen       total 68608K, used 58698K [0x0000000080000000, 0x0000000084300000, 0x00000000d5580000)
  object space 68608K, 85% used [0x0000000080000000,0x0000000083952850,0x0000000084300000)
 Metaspace       used 63590K, committed 64960K, reserved 1114112K
  class space    used 7933K, committed 8576K, reserved 1048576K
}
Event: 121.683 GC heap before
{Heap before GC invocations=59 (full 3):
 PSYoungGen      total 23040K, used 22544K [0x00000000d5580000, 0x00000000d7380000, 0x0000000100000000)
  eden space 22016K, 100% used [0x00000000d5580000,0x00000000d6b00000,0x00000000d6b00000)
  from space 1024K, 51% used [0x00000000d7200000,0x00000000d7284010,0x00000000d7300000)
  to   space 512K, 0% used [0x00000000d7300000,0x00000000d7300000,0x00000000d7380000)
 ParOldGen       total 68608K, used 58698K [0x0000000080000000, 0x0000000084300000, 0x00000000d5580000)
  object space 68608K, 85% used [0x0000000080000000,0x0000000083952850,0x0000000084300000)
 Metaspace       used 63590K, committed 64960K, reserved 1114112K
  class space    used 7933K, committed 8576K, reserved 1048576K
}
Event: 121.685 GC heap after
{Heap after GC invocations=59 (full 3):
 PSYoungGen      total 22528K, used 293K [0x00000000d5580000, 0x00000000d7380000, 0x0000000100000000)
  eden space 22016K, 0% used [0x00000000d5580000,0x00000000d5580000,0x00000000d6b00000)
  from space 512K, 57% used [0x00000000d7300000,0x00000000d73494d8,0x00000000d7380000)
  to   space 512K, 0% used [0x00000000d7280000,0x00000000d7280000,0x00000000d7300000)
 ParOldGen       total 68608K, used 59012K [0x0000000080000000, 0x0000000084300000, 0x00000000d5580000)
  object space 68608K, 86% used [0x0000000080000000,0x00000000839a13d0,0x0000000084300000)
 Metaspace       used 63590K, committed 64960K, reserved 1114112K
  class space    used 7933K, committed 8576K, reserved 1048576K
}
Event: 122.037 GC heap before
{Heap before GC invocations=60 (full 3):
 PSYoungGen      total 22528K, used 22309K [0x00000000d5580000, 0x00000000d7380000, 0x0000000100000000)
  eden space 22016K, 100% used [0x00000000d5580000,0x00000000d6b00000,0x00000000d6b00000)
  from space 512K, 57% used [0x00000000d7300000,0x00000000d73494d8,0x00000000d7380000)
  to   space 512K, 0% used [0x00000000d7280000,0x00000000d7280000,0x00000000d7300000)
 ParOldGen       total 68608K, used 59012K [0x0000000080000000, 0x0000000084300000, 0x00000000d5580000)
  object space 68608K, 86% used [0x0000000080000000,0x00000000839a13d0,0x0000000084300000)
 Metaspace       used 63591K, committed 64960K, reserved 1114112K
  class space    used 7933K, committed 8576K, reserved 1048576K
}
Event: 122.039 GC heap after
{Heap after GC invocations=60 (full 3):
 PSYoungGen      total 22528K, used 320K [0x00000000d5580000, 0x00000000d7380000, 0x0000000100000000)
  eden space 22016K, 0% used [0x00000000d5580000,0x00000000d5580000,0x00000000d6b00000)
  from space 512K, 62% used [0x00000000d7280000,0x00000000d72d0000,0x00000000d7300000)
  to   space 512K, 0% used [0x00000000d7300000,0x00000000d7300000,0x00000000d7380000)
 ParOldGen       total 68608K, used 59044K [0x0000000080000000, 0x0000000084300000, 0x00000000d5580000)
  object space 68608K, 86% used [0x0000000080000000,0x00000000839a93d0,0x0000000084300000)
 Metaspace       used 63591K, committed 64960K, reserved 1114112K
  class space    used 7933K, committed 8576K, reserved 1048576K
}
Event: 122.335 GC heap before
{Heap before GC invocations=61 (full 3):
 PSYoungGen      total 22528K, used 22336K [0x00000000d5580000, 0x00000000d7380000, 0x0000000100000000)
  eden space 22016K, 100% used [0x00000000d5580000,0x00000000d6b00000,0x00000000d6b00000)
  from space 512K, 62% used [0x00000000d7280000,0x00000000d72d0000,0x00000000d7300000)
  to   space 512K, 0% used [0x00000000d7300000,0x00000000d7300000,0x00000000d7380000)
 ParOldGen       total 68608K, used 59044K [0x0000000080000000, 0x0000000084300000, 0x00000000d5580000)
  object space 68608K, 86% used [0x0000000080000000,0x00000000839a93d0,0x0000000084300000)
 Metaspace       used 63591K, committed 64960K, reserved 1114112K
  class space    used 7933K, committed 8576K, reserved 1048576K
}
Event: 122.336 GC heap after
{Heap after GC invocations=61 (full 3):
 PSYoungGen      total 22528K, used 256K [0x00000000d5580000, 0x00000000d7380000, 0x0000000100000000)
  eden space 22016K, 0% used [0x00000000d5580000,0x00000000d5580000,0x00000000d6b00000)
  from space 512K, 50% used [0x00000000d7300000,0x00000000d7340000,0x00000000d7380000)
  to   space 512K, 0% used [0x00000000d7280000,0x00000000d7280000,0x00000000d7300000)
 ParOldGen       total 68608K, used 59137K [0x0000000080000000, 0x0000000084300000, 0x00000000d5580000)
  object space 68608K, 86% used [0x0000000080000000,0x00000000839c04a0,0x0000000084300000)
 Metaspace       used 63591K, committed 64960K, reserved 1114112K
  class space    used 7933K, committed 8576K, reserved 1048576K
}
Event: 122.613 GC heap before
{Heap before GC invocations=62 (full 3):
 PSYoungGen      total 22528K, used 22272K [0x00000000d5580000, 0x00000000d7380000, 0x0000000100000000)
  eden space 22016K, 100% used [0x00000000d5580000,0x00000000d6b00000,0x00000000d6b00000)
  from space 512K, 50% used [0x00000000d7300000,0x00000000d7340000,0x00000000d7380000)
  to   space 512K, 0% used [0x00000000d7280000,0x00000000d7280000,0x00000000d7300000)
 ParOldGen       total 68608K, used 59137K [0x0000000080000000, 0x0000000084300000, 0x00000000d5580000)
  object space 68608K, 86% used [0x0000000080000000,0x00000000839c04a0,0x0000000084300000)
 Metaspace       used 63591K, committed 64960K, reserved 1114112K
  class space    used 7933K, committed 8576K, reserved 1048576K
}
Event: 122.614 GC heap after
{Heap after GC invocations=62 (full 3):
 PSYoungGen      total 22528K, used 502K [0x00000000d5580000, 0x00000000d7380000, 0x0000000100000000)
  eden space 22016K, 0% used [0x00000000d5580000,0x00000000d5580000,0x00000000d6b00000)
  from space 512K, 98% used [0x00000000d7280000,0x00000000d72fd9c0,0x00000000d7300000)
  to   space 512K, 0% used [0x00000000d7300000,0x00000000d7300000,0x00000000d7380000)
 ParOldGen       total 68608K, used 59209K [0x0000000080000000, 0x0000000084300000, 0x00000000d5580000)
  object space 68608K, 86% used [0x0000000080000000,0x00000000839d24b0,0x0000000084300000)
 Metaspace       used 63591K, committed 64960K, reserved 1114112K
  class space    used 7933K, committed 8576K, reserved 1048576K
}
Event: 122.843 GC heap before
{Heap before GC invocations=63 (full 3):
 PSYoungGen      total 22528K, used 22518K [0x00000000d5580000, 0x00000000d7380000, 0x0000000100000000)
  eden space 22016K, 100% used [0x00000000d5580000,0x00000000d6b00000,0x00000000d6b00000)
  from space 512K, 98% used [0x00000000d7280000,0x00000000d72fd9c0,0x00000000d7300000)
  to   space 512K, 0% used [0x00000000d7300000,0x00000000d7300000,0x00000000d7380000)
 ParOldGen       total 68608K, used 59209K [0x0000000080000000, 0x0000000084300000, 0x00000000d5580000)
  object space 68608K, 86% used [0x0000000080000000,0x00000000839d24b0,0x0000000084300000)
 Metaspace       used 63591K, committed 64960K, reserved 1114112K
  class space    used 7933K, committed 8576K, reserved 1048576K
}
Event: 122.844 GC heap after
{Heap after GC invocations=63 (full 3):
 PSYoungGen      total 22528K, used 495K [0x00000000d5580000, 0x00000000d7380000, 0x0000000100000000)
  eden space 22016K, 0% used [0x00000000d5580000,0x00000000d5580000,0x00000000d6b00000)
  from space 512K, 96% used [0x00000000d7300000,0x00000000d737be30,0x00000000d7380000)
  to   space 1024K, 0% used [0x00000000d7180000,0x00000000d7180000,0x00000000d7280000)
 ParOldGen       total 68608K, used 59414K [0x0000000080000000, 0x0000000084300000, 0x00000000d5580000)
  object space 68608K, 86% used [0x0000000080000000,0x0000000083a05968,0x0000000084300000)
 Metaspace       used 63591K, committed 64960K, reserved 1114112K
  class space    used 7933K, committed 8576K, reserved 1048576K
}
Event: 123.051 GC heap before
{Heap before GC invocations=64 (full 3):
 PSYoungGen      total 22528K, used 22511K [0x00000000d5580000, 0x00000000d7380000, 0x0000000100000000)
  eden space 22016K, 100% used [0x00000000d5580000,0x00000000d6b00000,0x00000000d6b00000)
  from space 512K, 96% used [0x00000000d7300000,0x00000000d737be30,0x00000000d7380000)
  to   space 1024K, 0% used [0x00000000d7180000,0x00000000d7180000,0x00000000d7280000)
 ParOldGen       total 68608K, used 59414K [0x0000000080000000, 0x0000000084300000, 0x00000000d5580000)
  object space 68608K, 86% used [0x0000000080000000,0x0000000083a05968,0x0000000084300000)
 Metaspace       used 63591K, committed 64960K, reserved 1114112K
  class space    used 7933K, committed 8576K, reserved 1048576K
}
Event: 123.053 GC heap after
{Heap after GC invocations=64 (full 3):
 PSYoungGen      total 23040K, used 1006K [0x00000000d5580000, 0x00000000d7380000, 0x0000000100000000)
  eden space 22016K, 0% used [0x00000000d5580000,0x00000000d5580000,0x00000000d6b00000)
  from space 1024K, 98% used [0x00000000d7180000,0x00000000d727b808,0x00000000d7280000)
  to   space 1024K, 0% used [0x00000000d7280000,0x00000000d7280000,0x00000000d7380000)
 ParOldGen       total 68608K, used 59565K [0x0000000080000000, 0x0000000084300000, 0x00000000d5580000)
  object space 68608K, 86% used [0x0000000080000000,0x0000000083a2b788,0x0000000084300000)
 Metaspace       used 63591K, committed 64960K, reserved 1114112K
  class space    used 7933K, committed 8576K, reserved 1048576K
}
Event: 123.302 GC heap before
{Heap before GC invocations=65 (full 3):
 PSYoungGen      total 23040K, used 23022K [0x00000000d5580000, 0x00000000d7380000, 0x0000000100000000)
  eden space 22016K, 100% used [0x00000000d5580000,0x00000000d6b00000,0x00000000d6b00000)
  from space 1024K, 98% used [0x00000000d7180000,0x00000000d727b808,0x00000000d7280000)
  to   space 1024K, 0% used [0x00000000d7280000,0x00000000d7280000,0x00000000d7380000)
 ParOldGen       total 68608K, used 59565K [0x0000000080000000, 0x0000000084300000, 0x00000000d5580000)
  object space 68608K, 86% used [0x0000000080000000,0x0000000083a2b788,0x0000000084300000)
 Metaspace       used 63591K, committed 64960K, reserved 1114112K
  class space    used 7933K, committed 8576K, reserved 1048576K
}
Event: 123.303 GC heap after
{Heap after GC invocations=65 (full 3):
 PSYoungGen      total 23040K, used 969K [0x00000000d5580000, 0x00000000d7380000, 0x0000000100000000)
  eden space 22016K, 0% used [0x00000000d5580000,0x00000000d5580000,0x00000000d6b00000)
  from space 1024K, 94% used [0x00000000d7280000,0x00000000d7372600,0x00000000d7380000)
  to   space 1536K, 0% used [0x00000000d7080000,0x00000000d7080000,0x00000000d7200000)
 ParOldGen       total 68608K, used 59629K [0x0000000080000000, 0x0000000084300000, 0x00000000d5580000)
  object space 68608K, 86% used [0x0000000080000000,0x0000000083a3b788,0x0000000084300000)
 Metaspace       used 63591K, committed 64960K, reserved 1114112K
  class space    used 7933K, committed 8576K, reserved 1048576K
}
Event: 124.300 GC heap before
{Heap before GC invocations=66 (full 3):
 PSYoungGen      total 23040K, used 22985K [0x00000000d5580000, 0x00000000d7380000, 0x0000000100000000)
  eden space 22016K, 100% used [0x00000000d5580000,0x00000000d6b00000,0x00000000d6b00000)
  from space 1024K, 94% used [0x00000000d7280000,0x00000000d7372600,0x00000000d7380000)
  to   space 1536K, 0% used [0x00000000d7080000,0x00000000d7080000,0x00000000d7200000)
 ParOldGen       total 68608K, used 59629K [0x0000000080000000, 0x0000000084300000, 0x00000000d5580000)
  object space 68608K, 86% used [0x0000000080000000,0x0000000083a3b788,0x0000000084300000)
 Metaspace       used 65567K, committed 66880K, reserved 1114112K
  class space    used 8243K, committed 8832K, reserved 1048576K
}
Event: 124.302 GC heap after
{Heap after GC invocations=66 (full 3):
 PSYoungGen      total 23552K, used 720K [0x00000000d5580000, 0x00000000d7300000, 0x0000000100000000)
  eden space 22016K, 0% used [0x00000000d5580000,0x00000000d5580000,0x00000000d6b00000)
  from space 1536K, 46% used [0x00000000d7080000,0x00000000d7134020,0x00000000d7200000)
  to   space 1024K, 0% used [0x00000000d7200000,0x00000000d7200000,0x00000000d7300000)
 ParOldGen       total 68608K, used 59645K [0x0000000080000000, 0x0000000084300000, 0x00000000d5580000)
  object space 68608K, 86% used [0x0000000080000000,0x0000000083a3f788,0x0000000084300000)
 Metaspace       used 65567K, committed 66880K, reserved 1114112K
  class space    used 8243K, committed 8832K, reserved 1048576K
}

