# JRE version: OpenJDK Runtime Environment Temurin-21.0.9+10 (21.0.9+10) (build 21.0.9+10-LTS)
# Java VM: OpenJDK 64-Bit Server VM Temurin-21.0.9+10 (21.0.9+10-LTS, mixed mode, sharing, tiered, compressed oops, compressed class ptrs, parallel gc, windows-amd64)
GC Precious Log:
 CardTable entry size: 512
 CPUs: 12 total, 12 available
 Memory: 8059M
 Large Page Support: Disabled
 NUMA Support: Disabled
 Compressed Oops: Enabled (32-bit)
 Alignments: Space 512K, Generation 512K, Heap 2M
 Heap Min Capacity: 100M
 Heap Initial Capacity: 100M
 Heap Max Capacity: 2G
 Pre-touch: Disabled
 Parallel Workers: 10
Heap:
 PSYoungGen      total 1536K, used 1154K [0x00000000d5580000, 0x00000000d5800000, 0x0000000100000000)
  eden space 1024K, 87% used [0x00000000d5580000,0x00000000d56609c8,0x00000000d5680000)
  from space 512K, 50% used [0x00000000d5780000,0x00000000d57c0000,0x00000000d5800000)
  to   space 512K, 0% used [0x00000000d5700000,0x00000000d5700000,0x00000000d5780000)
 ParOldGen       total 890368K, used 353677K [0x0000000080000000, 0x00000000b6580000, 0x00000000d5580000)
  object space 890368K, 39% used [0x0000000080000000,0x00000000959635c0,0x00000000b6580000)
 Metaspace       used 86722K, committed 88448K, reserved 1179648K
  class space    used 10243K, committed 11008K, reserved 1048576K
GC Heap History (20 events):
Event: 5480.928 GC heap before
{Heap before GC invocations=2199 (full 4):
 PSYoungGen      total 1536K, used 1312K [0x00000000d5580000, 0x00000000d5800000, 0x0000000100000000)
  eden space 1024K, 100% used [0x00000000d5580000,0x00000000d5680000,0x00000000d5680000)
  from space 512K, 56% used [0x00000000d5780000,0x00000000d57c8000,0x00000000d5800000)
  to   space 512K, 0% used [0x00000000d5700000,0x00000000d5700000,0x00000000d5780000)
 ParOldGen       total 890368K, used 353125K [0x0000000080000000, 0x00000000b6580000, 0x00000000d5580000)
  object space 890368K, 39% used [0x0000000080000000,0x00000000958d95c0,0x00000000b6580000)
 Metaspace       used 86696K, committed 88448K, reserved 1179648K
  class space    used 10243K, committed 11008K, reserved 1048576K
}
Event: 5480.939 GC heap after
{Heap after GC invocations=2199 (full 4):
 PSYoungGen      total 1536K, used 256K [0x00000000d5580000, 0x00000000d5800000, 0x0000000100000000)
  eden space 1024K, 0% used [0x00000000d5580000,0x00000000d5580000,0x00000000d5680000)
  from space 512K, 50% used [0x00000000d5700000,0x00000000d5740000,0x00000000d5780000)
  to   space 512K, 0% used [0x00000000d5780000,0x00000000d5780000,0x00000000d5800000)
 ParOldGen       total 890368K, used 353165K [0x0000000080000000, 0x00000000b6580000, 0x00000000d5580000)
  object space 890368K, 39% used [0x0000000080000000,0x00000000958e35c0,0x00000000b6580000)
 Metaspace       used 86696K, committed 88448K, reserved 1179648K
  class space    used 10243K, committed 11008K, reserved 1048576K
}
Event: 5485.960 GC heap before
{Heap before GC invocations=2200 (full 4):
 PSYoungGen      total 1536K, used 1280K [0x00000000d5580000, 0x00000000d5800000, 0x0000000100000000)
  eden space 1024K, 100% used [0x00000000d5580000,0x00000000d5680000,0x00000000d5680000)
  from space 512K, 50% used [0x00000000d5700000,0x00000000d5740000,0x00000000d5780000)
  to   space 512K, 0% used [0x00000000d5780000,0x00000000d5780000,0x00000000d5800000)
 ParOldGen       total 890368K, used 353165K [0x0000000080000000, 0x00000000b6580000, 0x00000000d5580000)
  object space 890368K, 39% used [0x0000000080000000,0x00000000958e35c0,0x00000000b6580000)
 Metaspace       used 86696K, committed 88448K, reserved 1179648K
  class space    used 10243K, committed 11008K, reserved 1048576K
}
Event: 5485.969 GC heap after
{Heap after GC invocations=2200 (full 4):
 PSYoungGen      total 1536K, used 288K [0x00000000d5580000, 0x00000000d5800000, 0x0000000100000000)
  eden space 1024K, 0% used [0x00000000d5580000,0x00000000d5580000,0x00000000d5680000)
  from space 512K, 56% used [0x00000000d5780000,0x00000000d57c8000,0x00000000d5800000)
  to   space 512K, 0% used [0x00000000d5700000,0x00000000d5700000,0x00000000d5780000)
 ParOldGen       total 890368K, used 353237K [0x0000000080000000, 0x00000000b6580000, 0x00000000d5580000)
  object space 890368K, 39% used [0x0000000080000000,0x00000000958f55c0,0x00000000b6580000)
 Metaspace       used 86696K, committed 88448K, reserved 1179648K
  class space    used 10243K, committed 11008K, reserved 1048576K
}
Event: 5485.998 GC heap before
{Heap before GC invocations=2201 (full 4):
 PSYoungGen      total 1536K, used 1312K [0x00000000d5580000, 0x00000000d5800000, 0x0000000100000000)
  eden space 1024K, 100% used [0x00000000d5580000,0x00000000d5680000,0x00000000d5680000)
  from space 512K, 56% used [0x00000000d5780000,0x00000000d57c8000,0x00000000d5800000)
  to   space 512K, 0% used [0x00000000d5700000,0x00000000d5700000,0x00000000d5780000)
 ParOldGen       total 890368K, used 353237K [0x0000000080000000, 0x00000000b6580000, 0x00000000d5580000)
  object space 890368K, 39% used [0x0000000080000000,0x00000000958f55c0,0x00000000b6580000)
 Metaspace       used 86697K, committed 88448K, reserved 1179648K
  class space    used 10243K, committed 11008K, reserved 1048576K
}
Event: 5486.003 GC heap after
{Heap after GC invocations=2201 (full 4):
 PSYoungGen      total 1536K, used 256K [0x00000000d5580000, 0x00000000d5800000, 0x0000000100000000)
  eden space 1024K, 0% used [0x00000000d5580000,0x00000000d5580000,0x00000000d5680000)
  from space 512K, 50% used [0x00000000d5700000,0x00000000d5740000,0x00000000d5780000)
  to   space 512K, 0% used [0x00000000d5780000,0x00000000d5780000,0x00000000d5800000)
 ParOldGen       total 890368K, used 353317K [0x0000000080000000, 0x00000000b6580000, 0x00000000d5580000)
  object space 890368K, 39% used [0x0000000080000000,0x00000000959095c0,0x00000000b6580000)
 Metaspace       used 86697K, committed 88448K, reserved 1179648K
  class space    used 10243K, committed 11008K, reserved 1048576K
}
Event: 5486.189 GC heap before
{Heap before GC invocations=2202 (full 4):
 PSYoungGen      total 1536K, used 1279K [0x00000000d5580000, 0x00000000d5800000, 0x0000000100000000)
  eden space 1024K, 99% used [0x00000000d5580000,0x00000000d567fff0,0x00000000d5680000)
  from space 512K, 50% used [0x00000000d5700000,0x00000000d5740000,0x00000000d5780000)
  to   space 512K, 0% used [0x00000000d5780000,0x00000000d5780000,0x00000000d5800000)
 ParOldGen       total 890368K, used 353317K [0x0000000080000000, 0x00000000b6580000, 0x00000000d5580000)
  object space 890368K, 39% used [0x0000000080000000,0x00000000959095c0,0x00000000b6580000)
 Metaspace       used 86699K, committed 88448K, reserved 1179648K
  class space    used 10243K, committed 11008K, reserved 1048576K
}
Event: 5486.204 GC heap after
{Heap after GC invocations=2202 (full 4):
 PSYoungGen      total 1536K, used 224K [0x00000000d5580000, 0x00000000d5800000, 0x0000000100000000)
  eden space 1024K, 0% used [0x00000000d5580000,0x00000000d5580000,0x00000000d5680000)
  from space 512K, 43% used [0x00000000d5780000,0x00000000d57b8000,0x00000000d5800000)
  to   space 512K, 0% used [0x00000000d5700000,0x00000000d5700000,0x00000000d5780000)
 ParOldGen       total 890368K, used 353357K [0x0000000080000000, 0x00000000b6580000, 0x00000000d5580000)
  object space 890368K, 39% used [0x0000000080000000,0x00000000959135c0,0x00000000b6580000)
 Metaspace       used 86699K, committed 88448K, reserved 1179648K
  class space    used 10243K, committed 11008K, reserved 1048576K
}
Event: 5489.882 GC heap before
{Heap before GC invocations=2203 (full 4):
 PSYoungGen      total 1536K, used 1248K [0x00000000d5580000, 0x00000000d5800000, 0x0000000100000000)
  eden space 1024K, 100% used [0x00000000d5580000,0x00000000d5680000,0x00000000d5680000)
  from space 512K, 43% used [0x00000000d5780000,0x00000000d57b8000,0x00000000d5800000)
  to   space 512K, 0% used [0x00000000d5700000,0x00000000d5700000,0x00000000d5780000)
 ParOldGen       total 890368K, used 353357K [0x0000000080000000, 0x00000000b6580000, 0x00000000d5580000)
  object space 890368K, 39% used [0x0000000080000000,0x00000000959135c0,0x00000000b6580000)
 Metaspace       used 86700K, committed 88448K, reserved 1179648K
  class space    used 10243K, committed 11008K, reserved 1048576K
}
Event: 5489.905 GC heap after
{Heap after GC invocations=2203 (full 4):
 PSYoungGen      total 1536K, used 320K [0x00000000d5580000, 0x00000000d5800000, 0x0000000100000000)
  eden space 1024K, 0% used [0x00000000d5580000,0x00000000d5580000,0x00000000d5680000)
  from space 512K, 62% used [0x00000000d5700000,0x00000000d5750000,0x00000000d5780000)
  to   space 512K, 0% used [0x00000000d5780000,0x00000000d5780000,0x00000000d5800000)
 ParOldGen       total 890368K, used 353429K [0x0000000080000000, 0x00000000b6580000, 0x00000000d5580000)
  object space 890368K, 39% used [0x0000000080000000,0x00000000959255c0,0x00000000b6580000)
 Metaspace       used 86700K, committed 88448K, reserved 1179648K
  class space    used 10243K, committed 11008K, reserved 1048576K
}
Event: 5489.952 GC heap before
{Heap before GC invocations=2204 (full 4):
 PSYoungGen      total 1536K, used 1343K [0x00000000d5580000, 0x00000000d5800000, 0x0000000100000000)
  eden space 1024K, 99% used [0x00000000d5580000,0x00000000d567ffa8,0x00000000d5680000)
  from space 512K, 62% used [0x00000000d5700000,0x00000000d5750000,0x00000000d5780000)
  to   space 512K, 0% used [0x00000000d5780000,0x00000000d5780000,0x00000000d5800000)
 ParOldGen       total 890368K, used 353429K [0x0000000080000000, 0x00000000b6580000, 0x00000000d5580000)
  object space 890368K, 39% used [0x0000000080000000,0x00000000959255c0,0x00000000b6580000)
 Metaspace       used 86700K, committed 88448K, reserved 1179648K
  class space    used 10243K, committed 11008K, reserved 1048576K
}
Event: 5489.956 GC heap after
{Heap after GC invocations=2204 (full 4):
 PSYoungGen      total 1536K, used 160K [0x00000000d5580000, 0x00000000d5800000, 0x0000000100000000)
  eden space 1024K, 0% used [0x00000000d5580000,0x00000000d5580000,0x00000000d5680000)
  from space 512K, 31% used [0x00000000d5780000,0x00000000d57a8000,0x00000000d5800000)
  to   space 512K, 0% used [0x00000000d5700000,0x00000000d5700000,0x00000000d5780000)
 ParOldGen       total 890368K, used 353501K [0x0000000080000000, 0x00000000b6580000, 0x00000000d5580000)
  object space 890368K, 39% used [0x0000000080000000,0x00000000959375c0,0x00000000b6580000)
 Metaspace       used 86700K, committed 88448K, reserved 1179648K
  class space    used 10243K, committed 11008K, reserved 1048576K
}
Event: 5494.422 GC heap before
{Heap before GC invocations=2205 (full 4):
 PSYoungGen      total 1536K, used 1184K [0x00000000d5580000, 0x00000000d5800000, 0x0000000100000000)
  eden space 1024K, 100% used [0x00000000d5580000,0x00000000d5680000,0x00000000d5680000)
  from space 512K, 31% used [0x00000000d5780000,0x00000000d57a8000,0x00000000d5800000)
  to   space 512K, 0% used [0x00000000d5700000,0x00000000d5700000,0x00000000d5780000)
 ParOldGen       total 890368K, used 353501K [0x0000000080000000, 0x00000000b6580000, 0x00000000d5580000)
  object space 890368K, 39% used [0x0000000080000000,0x00000000959375c0,0x00000000b6580000)
 Metaspace       used 86701K, committed 88448K, reserved 1179648K
  class space    used 10243K, committed 11008K, reserved 1048576K
}
Event: 5494.424 GC heap after
{Heap after GC invocations=2205 (full 4):
 PSYoungGen      total 1536K, used 288K [0x00000000d5580000, 0x00000000d5800000, 0x0000000100000000)
  eden space 1024K, 0% used [0x00000000d5580000,0x00000000d5580000,0x00000000d5680000)
  from space 512K, 56% used [0x00000000d5700000,0x00000000d5748000,0x00000000d5780000)
  to   space 512K, 0% used [0x00000000d5780000,0x00000000d5780000,0x00000000d5800000)
 ParOldGen       total 890368K, used 353533K [0x0000000080000000, 0x00000000b6580000, 0x00000000d5580000)
  object space 890368K, 39% used [0x0000000080000000,0x000000009593f5c0,0x00000000b6580000)
 Metaspace       used 86701K, committed 88448K, reserved 1179648K
  class space    used 10243K, committed 11008K, reserved 1048576K
}
Event: 5494.471 GC heap before
{Heap before GC invocations=2206 (full 4):
 PSYoungGen      total 1536K, used 1312K [0x00000000d5580000, 0x00000000d5800000, 0x0000000100000000)
  eden space 1024K, 100% used [0x00000000d5580000,0x00000000d5680000,0x00000000d5680000)
  from space 512K, 56% used [0x00000000d5700000,0x00000000d5748000,0x00000000d5780000)
  to   space 512K, 0% used [0x00000000d5780000,0x00000000d5780000,0x00000000d5800000)
 ParOldGen       total 890368K, used 353533K [0x0000000080000000, 0x00000000b6580000, 0x00000000d5580000)
  object space 890368K, 39% used [0x0000000080000000,0x000000009593f5c0,0x00000000b6580000)
 Metaspace       used 86702K, committed 88448K, reserved 1179648K
  class space    used 10243K, committed 11008K, reserved 1048576K
}
Event: 5494.475 GC heap after
{Heap after GC invocations=2206 (full 4):
 PSYoungGen      total 1536K, used 224K [0x00000000d5580000, 0x00000000d5800000, 0x0000000100000000)
  eden space 1024K, 0% used [0x00000000d5580000,0x00000000d5580000,0x00000000d5680000)
  from space 512K, 43% used [0x00000000d5780000,0x00000000d57b8000,0x00000000d5800000)
  to   space 512K, 0% used [0x00000000d5700000,0x00000000d5700000,0x00000000d5780000)
 ParOldGen       total 890368K, used 353589K [0x0000000080000000, 0x00000000b6580000, 0x00000000d5580000)
  object space 890368K, 39% used [0x0000000080000000,0x000000009594d5c0,0x00000000b6580000)
 Metaspace       used 86702K, committed 88448K, reserved 1179648K
  class space    used 10243K, committed 11008K, reserved 1048576K
}
Event: 5494.600 GC heap before
{Heap before GC invocations=2207 (full 4):
 PSYoungGen      total 1536K, used 1247K [0x00000000d5580000, 0x00000000d5800000, 0x0000000100000000)
  eden space 1024K, 99% used [0x00000000d5580000,0x00000000d567fff8,0x00000000d5680000)
  from space 512K, 43% used [0x00000000d5780000,0x00000000d57b8000,0x00000000d5800000)
  to   space 512K, 0% used [0x00000000d5700000,0x00000000d5700000,0x00000000d5780000)
 ParOldGen       total 890368K, used 353589K [0x0000000080000000, 0x00000000b6580000, 0x00000000d5580000)
  object space 890368K, 39% used [0x0000000080000000,0x000000009594d5c0,0x00000000b6580000)
 Metaspace       used 86703K, committed 88448K, reserved 1179648K
  class space    used 10243K, committed 11008K, reserved 1048576K
}
Event: 5494.616 GC heap after
{Heap after GC invocations=2207 (full 4):
 PSYoungGen      total 1536K, used 288K [0x00000000d5580000, 0x00000000d5800000, 0x0000000100000000)
  eden space 1024K, 0% used [0x00000000d5580000,0x00000000d5580000,0x00000000d5680000)
  from space 512K, 56% used [0x00000000d5700000,0x00000000d5748000,0x00000000d5780000)
  to   space 512K, 0% used [0x00000000d5780000,0x00000000d5780000,0x00000000d5800000)
 ParOldGen       total 890368K, used 353653K [0x0000000080000000, 0x00000000b6580000, 0x00000000d5580000)
  object space 890368K, 39% used [0x0000000080000000,0x000000009595d5c0,0x00000000b6580000)
 Metaspace       used 86703K, committed 88448K, reserved 1179648K
  class space    used 10243K, committed 11008K, reserved 1048576K
}
Event: 5781.455 GC heap before
{Heap before GC invocations=2208 (full 4):
 PSYoungGen      total 1536K, used 1312K [0x00000000d5580000, 0x00000000d5800000, 0x0000000100000000)
  eden space 1024K, 100% used [0x00000000d5580000,0x00000000d5680000,0x00000000d5680000)
  from space 512K, 56% used [0x00000000d5700000,0x00000000d5748000,0x00000000d5780000)
  to   space 512K, 0% used [0x00000000d5780000,0x00000000d5780000,0x00000000d5800000)
 ParOldGen       total 890368K, used 353653K [0x0000000080000000, 0x00000000b6580000, 0x00000000d5580000)
  object space 890368K, 39% used [0x0000000080000000,0x000000009595d5c0,0x00000000b6580000)
 Metaspace       used 86709K, committed 88448K, reserved 1179648K
  class space    used 10243K, committed 11008K, reserved 1048576K
}
Event: 5781.774 GC heap after
{Heap after GC invocations=2208 (full 4):
 PSYoungGen      total 1536K, used 256K [0x00000000d5580000, 0x00000000d5800000, 0x0000000100000000)
  eden space 1024K, 0% used [0x00000000d5580000,0x00000000d5580000,0x00000000d5680000)
  from space 512K, 50% used [0x00000000d5780000,0x00000000d57c0000,0x00000000d5800000)
  to   space 512K, 0% used [0x00000000d5700000,0x00000000d5700000,0x00000000d5780000)
 ParOldGen       total 890368K, used 353677K [0x0000000080000000, 0x00000000b6580000, 0x00000000d5580000)
  object space 890368K, 39% used [0x0000000080000000,0x00000000959635c0,0x00000000b6580000)
 Metaspace       used 86709K, committed 88448K, reserved 1179648K
  class space    used 10243K, committed 11008K, reserved 1048576K
}

