# JRE version: Java(TM) SE Runtime Environment (17.0.12+8) (build 17.0.12+8-LTS-286)
# Java VM: Java HotSpot(TM) 64-Bit Server VM (17.0.12+8-LTS-286, mixed mode, sharing, tiered, compressed oops, compressed class ptrs, g1 gc, windows-amd64)
GC Precious Log:
 CPUs: 12 total, 12 available
 Memory: 8059M
 Large Page Support: Disabled
 NUMA Support: Disabled
 Compressed Oops: Enabled (32-bit)
 Heap Region Size: 1M
 Heap Min Capacity: 8M
 Heap Initial Capacity: 126M
 Heap Max Capacity: 2G
 Pre-touch: Disabled
 Parallel Workers: 10
 Concurrent Workers: 3
 Concurrent Refinement Workers: 10
 Periodic GC: Disabled
Heap:
 garbage-first heap   total 129024K, used 39065K [0x0000000080000000, 0x0000000100000000)
  region size 1024K, 27 young (27648K), 10 survivors (10240K)
 Metaspace       used 19932K, committed 20224K, reserved 491520K
  class space    used 2747K, committed 2880K, reserved 425984K
GC Heap History (8 events):
Event: 1.947 GC heap before
{Heap before GC invocations=0 (full 0):
 garbage-first heap   total 129024K, used 22528K [0x0000000080000000, 0x0000000100000000)
  region size 1024K, 23 young (23552K), 0 survivors (0K)
 Metaspace       used 1089K, committed 1216K, reserved 491520K
  class space    used 73K, committed 128K, reserved 425984K
}
Event: 1.957 GC heap after
{Heap after GC invocations=1 (full 0):
 garbage-first heap   total 129024K, used 2367K [0x0000000080000000, 0x0000000100000000)
  region size 1024K, 3 young (3072K), 3 survivors (3072K)
 Metaspace       used 1089K, committed 1216K, reserved 491520K
  class space    used 73K, committed 128K, reserved 425984K
}
Event: 4.151 GC heap before
{Heap before GC invocations=1 (full 0):
 garbage-first heap   total 129024K, used 41279K [0x0000000080000000, 0x0000000100000000)
  region size 1024K, 38 young (38912K), 3 survivors (3072K)
 Metaspace       used 4533K, committed 4672K, reserved 491520K
  class space    used 572K, committed 640K, reserved 425984K
}
Event: 4.164 GC heap after
{Heap after GC invocations=2 (full 0):
 garbage-first heap   total 129024K, used 10708K [0x0000000080000000, 0x0000000100000000)
  region size 1024K, 5 young (5120K), 5 survivors (5120K)
 Metaspace       used 4533K, committed 4672K, reserved 491520K
  class space    used 572K, committed 640K, reserved 425984K
}
Event: 5.906 GC heap before
{Heap before GC invocations=2 (full 0):
 garbage-first heap   total 129024K, used 58836K [0x0000000080000000, 0x0000000100000000)
  region size 1024K, 50 young (51200K), 5 survivors (5120K)
 Metaspace       used 4820K, committed 4992K, reserved 491520K
  class space    used 617K, committed 704K, reserved 425984K
}
Event: 5.927 GC heap after
{Heap after GC invocations=3 (full 0):
 garbage-first heap   total 129024K, used 15890K [0x0000000080000000, 0x0000000100000000)
  region size 1024K, 5 young (5120K), 5 survivors (5120K)
 Metaspace       used 4820K, committed 4992K, reserved 491520K
  class space    used 617K, committed 704K, reserved 425984K
}
Event: 12.721 GC heap before
{Heap before GC invocations=3 (full 0):
 garbage-first heap   total 129024K, used 87570K [0x0000000080000000, 0x0000000100000000)
  region size 1024K, 75 young (76800K), 5 survivors (5120K)
 Metaspace       used 17423K, committed 17664K, reserved 491520K
  class space    used 2451K, committed 2560K, reserved 425984K
}
Event: 12.740 GC heap after
{Heap after GC invocations=4 (full 0):
 garbage-first heap   total 129024K, used 21657K [0x0000000080000000, 0x0000000100000000)
  region size 1024K, 10 young (10240K), 10 survivors (10240K)
 Metaspace       used 17423K, committed 17664K, reserved 491520K
  class space    used 2451K, committed 2560K, reserved 425984K
}

