# JRE version: Java(TM) SE Runtime Environment (17.0.12+8) (build 17.0.12+8-LTS-286)
# Java VM: Java HotSpot(TM) 64-Bit Server VM (17.0.12+8-LTS-286, mixed mode, sharing, tiered, compressed oops, compressed class ptrs, g1 gc, windows-amd64)
GC Precious Log:
 CPUs: 12 total, 12 available
 Memory: 8059M
 Large Page Support: Disabled
 NUMA Support: Disabled
 Compressed Oops: Enabled (32-bit)
 Heap Region Size: 1M
 Heap Min Capacity: 8M
 Heap Initial Capacity: 126M
 Heap Max Capacity: 2G
 Pre-touch: Disabled
 Parallel Workers: 10
 Concurrent Workers: 3
 Concurrent Refinement Workers: 10
 Periodic GC: Disabled
Heap:
 garbage-first heap   total 215040K, used 147978K [0x0000000080000000, 0x0000000100000000)
  region size 1024K, 18 young (18432K), 4 survivors (4096K)
 Metaspace       used 102043K, committed 103360K, reserved 557056K
  class space    used 14405K, committed 15104K, reserved 425984K
GC Heap History (20 events):
Event: 35.190 GC heap before
{Heap before GC invocations=35 (full 0):
 garbage-first heap   total 215040K, used 175916K [0x0000000080000000, 0x0000000100000000)
  region size 1024K, 95 young (97280K), 6 survivors (6144K)
 Metaspace       used 76441K, committed 77568K, reserved 557056K
  class space    used 10850K, committed 11392K, reserved 425984K
}
Event: 35.202 GC heap after
{Heap after GC invocations=36 (full 0):
 garbage-first heap   total 215040K, used 92503K [0x0000000080000000, 0x0000000100000000)
  region size 1024K, 12 young (12288K), 12 survivors (12288K)
 Metaspace       used 76441K, committed 77568K, reserved 557056K
  class space    used 10850K, committed 11392K, reserved 425984K
}
Event: 36.869 GC heap before
{Heap before GC invocations=36 (full 0):
 garbage-first heap   total 215040K, used 175447K [0x0000000080000000, 0x0000000100000000)
  region size 1024K, 88 young (90112K), 12 survivors (12288K)
 Metaspace       used 81695K, committed 82752K, reserved 557056K
  class space    used 11503K, committed 12032K, reserved 425984K
}
Event: 36.883 GC heap after
{Heap after GC invocations=37 (full 0):
 garbage-first heap   total 215040K, used 100989K [0x0000000080000000, 0x0000000100000000)
  region size 1024K, 7 young (7168K), 7 survivors (7168K)
 Metaspace       used 81695K, committed 82752K, reserved 557056K
  class space    used 11503K, committed 12032K, reserved 425984K
}
Event: 38.368 GC heap before
{Heap before GC invocations=37 (full 0):
 garbage-first heap   total 215040K, used 174717K [0x0000000080000000, 0x0000000100000000)
  region size 1024K, 76 young (77824K), 7 survivors (7168K)
 Metaspace       used 86536K, committed 87552K, reserved 557056K
  class space    used 12181K, committed 12672K, reserved 425984K
}
Event: 38.375 GC heap after
{Heap after GC invocations=38 (full 0):
 garbage-first heap   total 215040K, used 106830K [0x0000000080000000, 0x0000000100000000)
  region size 1024K, 3 young (3072K), 3 survivors (3072K)
 Metaspace       used 86536K, committed 87552K, reserved 557056K
  class space    used 12181K, committed 12672K, reserved 425984K
}
Event: 39.734 GC heap before
{Heap before GC invocations=38 (full 0):
 garbage-first heap   total 215040K, used 174414K [0x0000000080000000, 0x0000000100000000)
  region size 1024K, 70 young (71680K), 3 survivors (3072K)
 Metaspace       used 89533K, committed 90688K, reserved 557056K
  class space    used 12566K, committed 13120K, reserved 425984K
}
Event: 39.742 GC heap after
{Heap after GC invocations=39 (full 0):
 garbage-first heap   total 215040K, used 111018K [0x0000000080000000, 0x0000000100000000)
  region size 1024K, 7 young (7168K), 7 survivors (7168K)
 Metaspace       used 89533K, committed 90688K, reserved 557056K
  class space    used 12566K, committed 13120K, reserved 425984K
}
Event: 41.028 GC heap before
{Heap before GC invocations=39 (full 0):
 garbage-first heap   total 215040K, used 178602K [0x0000000080000000, 0x0000000100000000)
  region size 1024K, 72 young (73728K), 7 survivors (7168K)
 Metaspace       used 93719K, committed 94848K, reserved 557056K
  class space    used 13274K, committed 13824K, reserved 425984K
}
Event: 41.035 GC heap after
{Heap after GC invocations=40 (full 0):
 garbage-first heap   total 215040K, used 113195K [0x0000000080000000, 0x0000000100000000)
  region size 1024K, 7 young (7168K), 7 survivors (7168K)
 Metaspace       used 93719K, committed 94848K, reserved 557056K
  class space    used 13274K, committed 13824K, reserved 425984K
}
Event: 42.259 GC heap before
{Heap before GC invocations=40 (full 0):
 garbage-first heap   total 215040K, used 179755K [0x0000000080000000, 0x0000000100000000)
  region size 1024K, 72 young (73728K), 7 survivors (7168K)
 Metaspace       used 97559K, committed 98688K, reserved 557056K
  class space    used 13789K, committed 14336K, reserved 425984K
}
Event: 42.268 GC heap after
{Heap after GC invocations=41 (full 0):
 garbage-first heap   total 215040K, used 115830K [0x0000000080000000, 0x0000000100000000)
  region size 1024K, 5 young (5120K), 5 survivors (5120K)
 Metaspace       used 97559K, committed 98688K, reserved 557056K
  class space    used 13789K, committed 14336K, reserved 425984K
}
Event: 43.387 GC heap before
{Heap before GC invocations=41 (full 0):
 garbage-first heap   total 215040K, used 180342K [0x0000000080000000, 0x0000000100000000)
  region size 1024K, 69 young (70656K), 5 survivors (5120K)
 Metaspace       used 100218K, committed 101504K, reserved 557056K
  class space    used 14121K, committed 14784K, reserved 425984K
}
Event: 43.400 GC heap after
{Heap after GC invocations=42 (full 0):
 garbage-first heap   total 215040K, used 121670K [0x0000000080000000, 0x0000000100000000)
  region size 1024K, 9 young (9216K), 9 survivors (9216K)
 Metaspace       used 100218K, committed 101504K, reserved 557056K
  class space    used 14121K, committed 14784K, reserved 425984K
}
Event: 44.711 GC heap before
{Heap before GC invocations=42 (full 0):
 garbage-first heap   total 215040K, used 180038K [0x0000000080000000, 0x0000000100000000)
  region size 1024K, 67 young (68608K), 9 survivors (9216K)
 Metaspace       used 101935K, committed 103296K, reserved 557056K
  class space    used 14396K, committed 15104K, reserved 425984K
}
Event: 44.731 GC heap after
{Heap after GC invocations=43 (full 0):
 garbage-first heap   total 215040K, used 130483K [0x0000000080000000, 0x0000000100000000)
  region size 1024K, 9 young (9216K), 9 survivors (9216K)
 Metaspace       used 101935K, committed 103296K, reserved 557056K
  class space    used 14396K, committed 15104K, reserved 425984K
}
Event: 45.097 GC heap before
{Heap before GC invocations=43 (full 0):
 garbage-first heap   total 215040K, used 177587K [0x0000000080000000, 0x0000000100000000)
  region size 1024K, 56 young (57344K), 9 survivors (9216K)
 Metaspace       used 101950K, committed 103296K, reserved 557056K
  class space    used 14396K, committed 15104K, reserved 425984K
}
Event: 45.110 GC heap after
{Heap after GC invocations=44 (full 0):
 garbage-first heap   total 215040K, used 133988K [0x0000000080000000, 0x0000000100000000)
  region size 1024K, 5 young (5120K), 5 survivors (5120K)
 Metaspace       used 101950K, committed 103296K, reserved 557056K
  class space    used 14396K, committed 15104K, reserved 425984K
}
Event: 45.534 GC heap before
{Heap before GC invocations=44 (full 0):
 garbage-first heap   total 215040K, used 179044K [0x0000000080000000, 0x0000000100000000)
  region size 1024K, 50 young (51200K), 5 survivors (5120K)
 Metaspace       used 101951K, committed 103296K, reserved 557056K
  class space    used 14396K, committed 15104K, reserved 425984K
}
Event: 45.541 GC heap after
{Heap after GC invocations=45 (full 0):
 garbage-first heap   total 215040K, used 135690K [0x0000000080000000, 0x0000000100000000)
  region size 1024K, 4 young (4096K), 4 survivors (4096K)
 Metaspace       used 101951K, committed 103296K, reserved 557056K
  class space    used 14396K, committed 15104K, reserved 425984K
}

